[ 2017-02-28T17:40:29+08:00 ] ::1 /e/index.php/Admin/index/login.html
NOTIC: [2] mkdir(): File exists F:\www\e\ThinkPHP\Library\Think\Build.class.php 第 110 行.
INFO: [ app_init ] --START--
INFO: Run Behavior\BuildLiteBehavior [ RunTime:0.000000s ]
INFO: [ app_init ] --END-- [ RunTime:0.000000s ]
INFO: [ app_begin ] --START--
INFO: Run Behavior\ReadHtmlCacheBehavior [ RunTime:0.002000s ]
INFO: [ app_begin ] --END-- [ RunTime:0.002000s ]
SQL: SHOW COLUMNS FROM `ecanal_staffs` [ RunTime:0.0040s ]
SQL: SHOW COLUMNS FROM `ecanal_staffs` [ RunTime:0.0020s ]
SQL: SELECT * FROM `ecanal_staffs` WHERE `loginName` = '' AND `loginPwd` = 'd41d8cd98f00b204e9800998ecf8427e' AND `staffFlag` = 1 LIMIT 1   [ RunTime:0.0010s ]

[ 2017-02-28T17:40:32+08:00 ] ::1 /e/index.php/Admin/Index/index.html
INFO: [ app_init ] --START--
INFO: Run Behavior\BuildLiteBehavior [ RunTime:0.000000s ]
INFO: [ app_init ] --END-- [ RunTime:0.002000s ]
INFO: [ app_begin ] --START--
INFO: Run Behavior\ReadHtmlCacheBehavior [ RunTime:0.002000s ]
INFO: [ app_begin ] --END-- [ RunTime:0.002000s ]
INFO: [ view_parse ] --START--
INFO: [ template_filter ] --START--
INFO: Run Behavior\ContentReplaceBehavior [ RunTime:0.000000s ]
INFO: [ template_filter ] --END-- [ RunTime:0.000000s ]
NOTIC: [8] Undefined variable: CONF F:\www\e\Apps\Runtime\Cache\Admin\a604f3bcfb81be38d96c99a44f95a6e8.php 第 11 行.
NOTIC: [8] Undefined index: staffNo F:\www\e\Apps\Runtime\Cache\Admin\a604f3bcfb81be38d96c99a44f95a6e8.php 第 106 行.
INFO: Run Behavior\ParseTemplateBehavior [ RunTime:0.037000s ]
INFO: [ view_parse ] --END-- [ RunTime:0.037000s ]
INFO: [ view_filter ] --START--
INFO: Run Behavior\WriteHtmlCacheBehavior [ RunTime:0.001000s ]
INFO: [ view_filter ] --END-- [ RunTime:0.001000s ]
INFO: [ app_end ] --START--
INFO: Run Behavior\ShowPageTraceBehavior [ RunTime:0.001000s ]
INFO: [ app_end ] --END-- [ RunTime:0.001000s ]

[ 2017-02-28T17:40:32+08:00 ] ::1 /e/index.php/Admin/Index/index.html
INFO: [ app_init ] --START--
INFO: Run Behavior\BuildLiteBehavior [ RunTime:0.000000s ]
INFO: [ app_init ] --END-- [ RunTime:0.001000s ]
INFO: [ app_begin ] --START--
INFO: Run Behavior\ReadHtmlCacheBehavior [ RunTime:0.001000s ]
INFO: [ app_begin ] --END-- [ RunTime:0.001000s ]
INFO: [ view_parse ] --START--
INFO: [ template_filter ] --START--
INFO: Run Behavior\ContentReplaceBehavior [ RunTime:0.000000s ]
INFO: [ template_filter ] --END-- [ RunTime:0.000000s ]
NOTIC: [8] Undefined variable: CONF F:\www\e\Apps\Runtime\Cache\Admin\a604f3bcfb81be38d96c99a44f95a6e8.php 第 11 行.
NOTIC: [8] Undefined index: staffNo F:\www\e\Apps\Runtime\Cache\Admin\a604f3bcfb81be38d96c99a44f95a6e8.php 第 106 行.
INFO: Run Behavior\ParseTemplateBehavior [ RunTime:0.023000s ]
INFO: [ view_parse ] --END-- [ RunTime:0.023000s ]
INFO: [ view_filter ] --START--
INFO: Run Behavior\WriteHtmlCacheBehavior [ RunTime:0.000000s ]
INFO: [ view_filter ] --END-- [ RunTime:0.000000s ]
INFO: [ app_end ] --START--
INFO: Run Behavior\ShowPageTraceBehavior [ RunTime:0.001000s ]
INFO: [ app_end ] --END-- [ RunTime:0.001000s ]

[ 2017-02-28T17:41:40+08:00 ] ::1 /e/index.php/Admin/Index/index.html
INFO: [ app_init ] --START--
INFO: Run Behavior\BuildLiteBehavior [ RunTime:0.000000s ]
INFO: [ app_init ] --END-- [ RunTime:0.001000s ]
INFO: [ app_begin ] --START--
INFO: Run Behavior\ReadHtmlCacheBehavior [ RunTime:0.001000s ]
INFO: [ app_begin ] --END-- [ RunTime:0.001000s ]
INFO: [ view_parse ] --START--
INFO: [ template_filter ] --START--
INFO: Run Behavior\ContentReplaceBehavior [ RunTime:0.000000s ]
INFO: [ template_filter ] --END-- [ RunTime:0.000000s ]
NOTIC: [8] Undefined variable: CONF F:\www\e\Apps\Runtime\Cache\Admin\a604f3bcfb81be38d96c99a44f95a6e8.php 第 11 行.
NOTIC: [8] Undefined index: staffNo F:\www\e\Apps\Runtime\Cache\Admin\a604f3bcfb81be38d96c99a44f95a6e8.php 第 106 行.
INFO: Run Behavior\ParseTemplateBehavior [ RunTime:0.020000s ]
INFO: [ view_parse ] --END-- [ RunTime:0.020000s ]
INFO: [ view_filter ] --START--
INFO: Run Behavior\WriteHtmlCacheBehavior [ RunTime:0.000000s ]
INFO: [ view_filter ] --END-- [ RunTime:0.001000s ]
INFO: [ app_end ] --START--
INFO: Run Behavior\ShowPageTraceBehavior [ RunTime:0.001000s ]
INFO: [ app_end ] --END-- [ RunTime:0.001000s ]

[ 2017-02-28T17:41:40+08:00 ] ::1 /e/index.php/Admin/Index/toMain.html
INFO: [ app_init ] --START--
INFO: Run Behavior\BuildLiteBehavior [ RunTime:0.000000s ]
INFO: [ app_init ] --END-- [ RunTime:0.000000s ]
INFO: [ app_begin ] --START--
INFO: Run Behavior\ReadHtmlCacheBehavior [ RunTime:0.001000s ]
INFO: [ app_begin ] --END-- [ RunTime:0.001000s ]
ERR: 非法操作:toMain

[ 2017-02-28T17:43:04+08:00 ] ::1 /e/index.php/Admin/Index/index.html
INFO: [ app_init ] --START--
INFO: Run Behavior\BuildLiteBehavior [ RunTime:0.000000s ]
INFO: [ app_init ] --END-- [ RunTime:0.000000s ]
INFO: [ app_begin ] --START--
INFO: Run Behavior\ReadHtmlCacheBehavior [ RunTime:0.001000s ]
INFO: [ app_begin ] --END-- [ RunTime:0.001000s ]
INFO: [ view_parse ] --START--
INFO: [ template_filter ] --START--
INFO: Run Behavior\ContentReplaceBehavior [ RunTime:0.000000s ]
INFO: [ template_filter ] --END-- [ RunTime:0.001000s ]
NOTIC: [8] Undefined variable: CONF F:\www\e\Apps\Runtime\Cache\Admin\a604f3bcfb81be38d96c99a44f95a6e8.php 第 11 行.
NOTIC: [8] Undefined index: staffNo F:\www\e\Apps\Runtime\Cache\Admin\a604f3bcfb81be38d96c99a44f95a6e8.php 第 106 行.
INFO: Run Behavior\ParseTemplateBehavior [ RunTime:0.025000s ]
INFO: [ view_parse ] --END-- [ RunTime:0.026000s ]
INFO: [ view_filter ] --START--
INFO: Run Behavior\WriteHtmlCacheBehavior [ RunTime:0.001000s ]
INFO: [ view_filter ] --END-- [ RunTime:0.001000s ]
INFO: [ app_end ] --START--
INFO: Run Behavior\ShowPageTraceBehavior [ RunTime:0.001000s ]
INFO: [ app_end ] --END-- [ RunTime:0.001000s ]

[ 2017-02-28T17:43:04+08:00 ] ::1 /e/index.php/Admin/Index/toMain.html
INFO: [ app_init ] --START--
INFO: Run Behavior\BuildLiteBehavior [ RunTime:0.000000s ]
INFO: [ app_init ] --END-- [ RunTime:0.001000s ]
INFO: [ app_begin ] --START--
INFO: Run Behavior\ReadHtmlCacheBehavior [ RunTime:0.000000s ]
INFO: [ app_begin ] --END-- [ RunTime:0.000000s ]
ERR: 1146:La table 'ecanal.ecanal_index' n'existe pas
 [ SQL语句 ] : SHOW COLUMNS FROM `ecanal_index`
ERR: 1146:La table 'ecanal.ecanal_index' n'existe pas
 [ SQL语句 ] : SHOW COLUMNS FROM `ecanal_index`

[ 2017-02-28T17:43:16+08:00 ] ::1 /e/index.php/Admin/Index/index.html
INFO: [ app_init ] --START--
INFO: Run Behavior\BuildLiteBehavior [ RunTime:0.000000s ]
INFO: [ app_init ] --END-- [ RunTime:0.001000s ]
INFO: [ app_begin ] --START--
INFO: Run Behavior\ReadHtmlCacheBehavior [ RunTime:0.001000s ]
INFO: [ app_begin ] --END-- [ RunTime:0.001000s ]
INFO: [ view_parse ] --START--
INFO: [ template_filter ] --START--
INFO: Run Behavior\ContentReplaceBehavior [ RunTime:0.000000s ]
INFO: [ template_filter ] --END-- [ RunTime:0.000000s ]
NOTIC: [8] Undefined variable: CONF F:\www\e\Apps\Runtime\Cache\Admin\a604f3bcfb81be38d96c99a44f95a6e8.php 第 11 行.
NOTIC: [8] Undefined index: staffNo F:\www\e\Apps\Runtime\Cache\Admin\a604f3bcfb81be38d96c99a44f95a6e8.php 第 106 行.
INFO: Run Behavior\ParseTemplateBehavior [ RunTime:0.018000s ]
INFO: [ view_parse ] --END-- [ RunTime:0.019000s ]
INFO: [ view_filter ] --START--
INFO: Run Behavior\WriteHtmlCacheBehavior [ RunTime:0.000000s ]
INFO: [ view_filter ] --END-- [ RunTime:0.000000s ]
INFO: [ app_end ] --START--
INFO: Run Behavior\ShowPageTraceBehavior [ RunTime:0.001000s ]
INFO: [ app_end ] --END-- [ RunTime:0.001000s ]

[ 2017-02-28T17:43:16+08:00 ] ::1 /e/index.php/Admin/Index/toMain.html
INFO: [ app_init ] --START--
INFO: Run Behavior\BuildLiteBehavior [ RunTime:0.000000s ]
INFO: [ app_init ] --END-- [ RunTime:0.000000s ]
INFO: [ app_begin ] --START--
INFO: Run Behavior\ReadHtmlCacheBehavior [ RunTime:0.001000s ]
INFO: [ app_begin ] --END-- [ RunTime:0.001000s ]
ERR: 1146:La table 'ecanal.ecanal_index' n'existe pas
 [ SQL语句 ] : SHOW COLUMNS FROM `ecanal_index`
ERR: 1146:La table 'ecanal.ecanal_index' n'existe pas
 [ SQL语句 ] : SHOW COLUMNS FROM `ecanal_index`

[ 2017-02-28T17:43:27+08:00 ] ::1 /e/index.php/Admin/Index/index.html
INFO: [ app_init ] --START--
INFO: Run Behavior\BuildLiteBehavior [ RunTime:0.000000s ]
INFO: [ app_init ] --END-- [ RunTime:0.001000s ]
INFO: [ app_begin ] --START--
INFO: Run Behavior\ReadHtmlCacheBehavior [ RunTime:0.000000s ]
INFO: [ app_begin ] --END-- [ RunTime:0.001000s ]
INFO: [ view_parse ] --START--
INFO: [ template_filter ] --START--
INFO: Run Behavior\ContentReplaceBehavior [ RunTime:0.000000s ]
INFO: [ template_filter ] --END-- [ RunTime:0.000000s ]
NOTIC: [8] Undefined variable: CONF F:\www\e\Apps\Runtime\Cache\Admin\a604f3bcfb81be38d96c99a44f95a6e8.php 第 11 行.
NOTIC: [8] Undefined index: staffNo F:\www\e\Apps\Runtime\Cache\Admin\a604f3bcfb81be38d96c99a44f95a6e8.php 第 106 行.
INFO: Run Behavior\ParseTemplateBehavior [ RunTime:0.026000s ]
INFO: [ view_parse ] --END-- [ RunTime:0.026000s ]
INFO: [ view_filter ] --START--
INFO: Run Behavior\WriteHtmlCacheBehavior [ RunTime:0.001000s ]
INFO: [ view_filter ] --END-- [ RunTime:0.001000s ]
INFO: [ app_end ] --START--
INFO: Run Behavior\ShowPageTraceBehavior [ RunTime:0.001000s ]
INFO: [ app_end ] --END-- [ RunTime:0.001000s ]

[ 2017-02-28T17:43:27+08:00 ] ::1 /e/index.php/Admin/Index/toMain.html
INFO: [ app_init ] --START--
INFO: Run Behavior\BuildLiteBehavior [ RunTime:0.000000s ]
INFO: [ app_init ] --END-- [ RunTime:0.000000s ]
INFO: [ app_begin ] --START--
INFO: Run Behavior\ReadHtmlCacheBehavior [ RunTime:0.001000s ]
INFO: [ app_begin ] --END-- [ RunTime:0.001000s ]
ERR: 1146:La table 'ecanal.ecanal_index' n'existe pas
 [ SQL语句 ] : SHOW COLUMNS FROM `ecanal_index`
ERR: 1146:La table 'ecanal.ecanal_index' n'existe pas
 [ SQL语句 ] : SHOW COLUMNS FROM `ecanal_index`

[ 2017-02-28T17:45:24+08:00 ] ::1 /e/index.php/Admin/Index/index.html
INFO: [ app_init ] --START--
INFO: Run Behavior\BuildLiteBehavior [ RunTime:0.000000s ]
INFO: [ app_init ] --END-- [ RunTime:0.001000s ]
INFO: [ app_begin ] --START--
INFO: Run Behavior\ReadHtmlCacheBehavior [ RunTime:0.001000s ]
INFO: [ app_begin ] --END-- [ RunTime:0.001000s ]
INFO: [ view_parse ] --START--
INFO: [ template_filter ] --START--
INFO: Run Behavior\ContentReplaceBehavior [ RunTime:0.000000s ]
INFO: [ template_filter ] --END-- [ RunTime:0.001000s ]
NOTIC: [8] Undefined variable: CONF F:\www\e\Apps\Runtime\Cache\Admin\a604f3bcfb81be38d96c99a44f95a6e8.php 第 11 行.
NOTIC: [8] Undefined index: staffNo F:\www\e\Apps\Runtime\Cache\Admin\a604f3bcfb81be38d96c99a44f95a6e8.php 第 106 行.
INFO: Run Behavior\ParseTemplateBehavior [ RunTime:0.024000s ]
INFO: [ view_parse ] --END-- [ RunTime:0.024000s ]
INFO: [ view_filter ] --START--
INFO: Run Behavior\WriteHtmlCacheBehavior [ RunTime:0.000000s ]
INFO: [ view_filter ] --END-- [ RunTime:0.000000s ]
INFO: [ app_end ] --START--
INFO: Run Behavior\ShowPageTraceBehavior [ RunTime:0.000000s ]
INFO: [ app_end ] --END-- [ RunTime:0.000000s ]

[ 2017-02-28T17:45:24+08:00 ] ::1 /e/index.php/Admin/Index/toMain.html
INFO: [ app_init ] --START--
INFO: Run Behavior\BuildLiteBehavior [ RunTime:0.000000s ]
INFO: [ app_init ] --END-- [ RunTime:0.000000s ]
INFO: [ app_begin ] --START--
INFO: Run Behavior\ReadHtmlCacheBehavior [ RunTime:0.001000s ]
INFO: [ app_begin ] --END-- [ RunTime:0.001000s ]
ERR: 1146:La table 'ecanal.ecanal_index' n'existe pas
 [ SQL语句 ] : SHOW COLUMNS FROM `ecanal_index`
ERR: 1146:La table 'ecanal.ecanal_index' n'existe pas
 [ SQL语句 ] : SHOW COLUMNS FROM `ecanal_index`

[ 2017-02-28T17:47:11+08:00 ] ::1 /e/index.php/Admin/Index/index.html
INFO: [ app_init ] --START--
INFO: Run Behavior\BuildLiteBehavior [ RunTime:0.000000s ]
INFO: [ app_init ] --END-- [ RunTime:0.001000s ]
INFO: [ app_begin ] --START--
INFO: Run Behavior\ReadHtmlCacheBehavior [ RunTime:0.002000s ]
INFO: [ app_begin ] --END-- [ RunTime:0.002000s ]
INFO: [ view_parse ] --START--
INFO: [ template_filter ] --START--
INFO: Run Behavior\ContentReplaceBehavior [ RunTime:0.000000s ]
INFO: [ template_filter ] --END-- [ RunTime:0.001000s ]
NOTIC: [8] Undefined variable: CONF F:\www\e\Apps\Runtime\Cache\Admin\a604f3bcfb81be38d96c99a44f95a6e8.php 第 11 行.
NOTIC: [8] Undefined index: staffNo F:\www\e\Apps\Runtime\Cache\Admin\a604f3bcfb81be38d96c99a44f95a6e8.php 第 106 行.
INFO: Run Behavior\ParseTemplateBehavior [ RunTime:0.025000s ]
INFO: [ view_parse ] --END-- [ RunTime:0.026000s ]
INFO: [ view_filter ] --START--
INFO: Run Behavior\WriteHtmlCacheBehavior [ RunTime:0.001000s ]
INFO: [ view_filter ] --END-- [ RunTime:0.001000s ]
INFO: [ app_end ] --START--
INFO: Run Behavior\ShowPageTraceBehavior [ RunTime:0.000000s ]
INFO: [ app_end ] --END-- [ RunTime:0.001000s ]

[ 2017-02-28T17:47:11+08:00 ] ::1 /e/index.php/Admin/Index/toMain.html
INFO: [ app_init ] --START--
INFO: Run Behavior\BuildLiteBehavior [ RunTime:0.000000s ]
INFO: [ app_init ] --END-- [ RunTime:0.000000s ]
INFO: [ app_begin ] --START--
INFO: Run Behavior\ReadHtmlCacheBehavior [ RunTime:0.001000s ]
INFO: [ app_begin ] --END-- [ RunTime:0.001000s ]
ERR: 1146:La table 'ecanal.ecanal_index' n'existe pas
 [ SQL语句 ] : SHOW COLUMNS FROM `ecanal_index`
ERR: 1146:La table 'ecanal.ecanal_index' n'existe pas
 [ SQL语句 ] : SHOW COLUMNS FROM `ecanal_index`

[ 2017-02-28T17:47:13+08:00 ] ::1 /e/index.php/Admin/Index/index.html
INFO: [ app_init ] --START--
INFO: Run Behavior\BuildLiteBehavior [ RunTime:0.000000s ]
INFO: [ app_init ] --END-- [ RunTime:0.001000s ]
INFO: [ app_begin ] --START--
INFO: Run Behavior\ReadHtmlCacheBehavior [ RunTime:0.001000s ]
INFO: [ app_begin ] --END-- [ RunTime:0.001000s ]
INFO: [ view_parse ] --START--
INFO: [ template_filter ] --START--
INFO: Run Behavior\ContentReplaceBehavior [ RunTime:0.000000s ]
INFO: [ template_filter ] --END-- [ RunTime:0.000000s ]
NOTIC: [8] Undefined variable: CONF F:\www\e\Apps\Runtime\Cache\Admin\a604f3bcfb81be38d96c99a44f95a6e8.php 第 11 行.
NOTIC: [8] Undefined index: staffNo F:\www\e\Apps\Runtime\Cache\Admin\a604f3bcfb81be38d96c99a44f95a6e8.php 第 106 行.
INFO: Run Behavior\ParseTemplateBehavior [ RunTime:0.019000s ]
INFO: [ view_parse ] --END-- [ RunTime:0.019000s ]
INFO: [ view_filter ] --START--
INFO: Run Behavior\WriteHtmlCacheBehavior [ RunTime:0.000000s ]
INFO: [ view_filter ] --END-- [ RunTime:0.000000s ]
INFO: [ app_end ] --START--
INFO: Run Behavior\ShowPageTraceBehavior [ RunTime:0.001000s ]
INFO: [ app_end ] --END-- [ RunTime:0.001000s ]

[ 2017-02-28T17:47:13+08:00 ] ::1 /e/index.php/Admin/Index/toMain.html
INFO: [ app_init ] --START--
INFO: Run Behavior\BuildLiteBehavior [ RunTime:0.000000s ]
INFO: [ app_init ] --END-- [ RunTime:0.001000s ]
INFO: [ app_begin ] --START--
INFO: Run Behavior\ReadHtmlCacheBehavior [ RunTime:0.001000s ]
INFO: [ app_begin ] --END-- [ RunTime:0.001000s ]
ERR: 1146:La table 'ecanal.ecanal_index' n'existe pas
 [ SQL语句 ] : SHOW COLUMNS FROM `ecanal_index`
ERR: 1146:La table 'ecanal.ecanal_index' n'existe pas
 [ SQL语句 ] : SHOW COLUMNS FROM `ecanal_index`

[ 2017-02-28T17:51:18+08:00 ] ::1 /e/index.php/Admin/Index/index.html
INFO: [ app_init ] --START--
INFO: Run Behavior\BuildLiteBehavior [ RunTime:0.000000s ]
INFO: [ app_init ] --END-- [ RunTime:0.001000s ]
INFO: [ app_begin ] --START--
INFO: Run Behavior\ReadHtmlCacheBehavior [ RunTime:0.001000s ]
INFO: [ app_begin ] --END-- [ RunTime:0.001000s ]
INFO: [ view_parse ] --START--
INFO: [ template_filter ] --START--
INFO: Run Behavior\ContentReplaceBehavior [ RunTime:0.001000s ]
INFO: [ template_filter ] --END-- [ RunTime:0.001000s ]
NOTIC: [8] Undefined variable: CONF F:\www\e\Apps\Runtime\Cache\Admin\a604f3bcfb81be38d96c99a44f95a6e8.php 第 11 行.
NOTIC: [8] Undefined index: staffNo F:\www\e\Apps\Runtime\Cache\Admin\a604f3bcfb81be38d96c99a44f95a6e8.php 第 106 行.
NOTIC: [8] Undefined variable: WST_STAFF F:\www\e\Apps\Runtime\Cache\Admin\a604f3bcfb81be38d96c99a44f95a6e8.php 第 154 行.
NOTIC: [2] in_array() expects parameter 2 to be array, null given F:\www\e\Apps\Runtime\Cache\Admin\a604f3bcfb81be38d96c99a44f95a6e8.php 第 154 行.
NOTIC: [8] Undefined variable: WST_STAFF F:\www\e\Apps\Runtime\Cache\Admin\a604f3bcfb81be38d96c99a44f95a6e8.php 第 179 行.
NOTIC: [2] in_array() expects parameter 2 to be array, null given F:\www\e\Apps\Runtime\Cache\Admin\a604f3bcfb81be38d96c99a44f95a6e8.php 第 179 行.
NOTIC: [8] Undefined variable: WST_STAFF F:\www\e\Apps\Runtime\Cache\Admin\a604f3bcfb81be38d96c99a44f95a6e8.php 第 200 行.
NOTIC: [2] in_array() expects parameter 2 to be array, null given F:\www\e\Apps\Runtime\Cache\Admin\a604f3bcfb81be38d96c99a44f95a6e8.php 第 200 行.
NOTIC: [8] Undefined variable: WST_STAFF F:\www\e\Apps\Runtime\Cache\Admin\a604f3bcfb81be38d96c99a44f95a6e8.php 第 212 行.
NOTIC: [2] in_array() expects parameter 2 to be array, null given F:\www\e\Apps\Runtime\Cache\Admin\a604f3bcfb81be38d96c99a44f95a6e8.php 第 212 行.
NOTIC: [8] Undefined variable: WST_STAFF F:\www\e\Apps\Runtime\Cache\Admin\a604f3bcfb81be38d96c99a44f95a6e8.php 第 231 行.
NOTIC: [2] in_array() expects parameter 2 to be array, null given F:\www\e\Apps\Runtime\Cache\Admin\a604f3bcfb81be38d96c99a44f95a6e8.php 第 231 行.
NOTIC: [8] Undefined variable: WST_STAFF F:\www\e\Apps\Runtime\Cache\Admin\a604f3bcfb81be38d96c99a44f95a6e8.php 第 249 行.
NOTIC: [2] in_array() expects parameter 2 to be array, null given F:\www\e\Apps\Runtime\Cache\Admin\a604f3bcfb81be38d96c99a44f95a6e8.php 第 249 行.
NOTIC: [8] Undefined variable: WST_STAFF F:\www\e\Apps\Runtime\Cache\Admin\a604f3bcfb81be38d96c99a44f95a6e8.php 第 267 行.
NOTIC: [2] in_array() expects parameter 2 to be array, null given F:\www\e\Apps\Runtime\Cache\Admin\a604f3bcfb81be38d96c99a44f95a6e8.php 第 267 行.
NOTIC: [8] Undefined variable: WST_STAFF F:\www\e\Apps\Runtime\Cache\Admin\a604f3bcfb81be38d96c99a44f95a6e8.php 第 288 行.
NOTIC: [2] in_array() expects parameter 2 to be array, null given F:\www\e\Apps\Runtime\Cache\Admin\a604f3bcfb81be38d96c99a44f95a6e8.php 第 288 行.
NOTIC: [8] Undefined variable: WST_STAFF F:\www\e\Apps\Runtime\Cache\Admin\a604f3bcfb81be38d96c99a44f95a6e8.php 第 306 行.
NOTIC: [2] in_array() expects parameter 2 to be array, null given F:\www\e\Apps\Runtime\Cache\Admin\a604f3bcfb81be38d96c99a44f95a6e8.php 第 306 行.
INFO: Run Behavior\ParseTemplateBehavior [ RunTime:0.022000s ]
INFO: [ view_parse ] --END-- [ RunTime:0.022000s ]
INFO: [ view_filter ] --START--
INFO: Run Behavior\WriteHtmlCacheBehavior [ RunTime:0.000000s ]
INFO: [ view_filter ] --END-- [ RunTime:0.000000s ]
INFO: [ app_end ] --START--
INFO: Run Behavior\ShowPageTraceBehavior [ RunTime:0.000000s ]
INFO: [ app_end ] --END-- [ RunTime:0.001000s ]

[ 2017-02-28T17:51:19+08:00 ] ::1 /e/index.php/Admin/Index/toMain.html
INFO: [ app_init ] --START--
INFO: Run Behavior\BuildLiteBehavior [ RunTime:0.000000s ]
INFO: [ app_init ] --END-- [ RunTime:0.000000s ]
INFO: [ app_begin ] --START--
INFO: Run Behavior\ReadHtmlCacheBehavior [ RunTime:0.001000s ]
INFO: [ app_begin ] --END-- [ RunTime:0.001000s ]
ERR: 1146:La table 'ecanal.ecanal_index' n'existe pas
 [ SQL语句 ] : SHOW COLUMNS FROM `ecanal_index`
ERR: 1146:La table 'ecanal.ecanal_index' n'existe pas
 [ SQL语句 ] : SHOW COLUMNS FROM `ecanal_index`

[ 2017-02-28T17:51:20+08:00 ] ::1 /e/index.php/Admin/Index/index.html
INFO: [ app_init ] --START--
INFO: Run Behavior\BuildLiteBehavior [ RunTime:0.000000s ]
INFO: [ app_init ] --END-- [ RunTime:0.001000s ]
INFO: [ app_begin ] --START--
INFO: Run Behavior\ReadHtmlCacheBehavior [ RunTime:0.001000s ]
INFO: [ app_begin ] --END-- [ RunTime:0.001000s ]
INFO: [ view_parse ] --START--
INFO: [ template_filter ] --START--
INFO: Run Behavior\ContentReplaceBehavior [ RunTime:0.000000s ]
INFO: [ template_filter ] --END-- [ RunTime:0.000000s ]
NOTIC: [8] Undefined variable: CONF F:\www\e\Apps\Runtime\Cache\Admin\a604f3bcfb81be38d96c99a44f95a6e8.php 第 11 行.
NOTIC: [8] Undefined index: staffNo F:\www\e\Apps\Runtime\Cache\Admin\a604f3bcfb81be38d96c99a44f95a6e8.php 第 106 行.
NOTIC: [8] Undefined variable: WST_STAFF F:\www\e\Apps\Runtime\Cache\Admin\a604f3bcfb81be38d96c99a44f95a6e8.php 第 154 行.
NOTIC: [2] in_array() expects parameter 2 to be array, null given F:\www\e\Apps\Runtime\Cache\Admin\a604f3bcfb81be38d96c99a44f95a6e8.php 第 154 行.
NOTIC: [8] Undefined variable: WST_STAFF F:\www\e\Apps\Runtime\Cache\Admin\a604f3bcfb81be38d96c99a44f95a6e8.php 第 179 行.
NOTIC: [2] in_array() expects parameter 2 to be array, null given F:\www\e\Apps\Runtime\Cache\Admin\a604f3bcfb81be38d96c99a44f95a6e8.php 第 179 行.
NOTIC: [8] Undefined variable: WST_STAFF F:\www\e\Apps\Runtime\Cache\Admin\a604f3bcfb81be38d96c99a44f95a6e8.php 第 200 行.
NOTIC: [2] in_array() expects parameter 2 to be array, null given F:\www\e\Apps\Runtime\Cache\Admin\a604f3bcfb81be38d96c99a44f95a6e8.php 第 200 行.
NOTIC: [8] Undefined variable: WST_STAFF F:\www\e\Apps\Runtime\Cache\Admin\a604f3bcfb81be38d96c99a44f95a6e8.php 第 212 行.
NOTIC: [2] in_array() expects parameter 2 to be array, null given F:\www\e\Apps\Runtime\Cache\Admin\a604f3bcfb81be38d96c99a44f95a6e8.php 第 212 行.
NOTIC: [8] Undefined variable: WST_STAFF F:\www\e\Apps\Runtime\Cache\Admin\a604f3bcfb81be38d96c99a44f95a6e8.php 第 231 行.
NOTIC: [2] in_array() expects parameter 2 to be array, null given F:\www\e\Apps\Runtime\Cache\Admin\a604f3bcfb81be38d96c99a44f95a6e8.php 第 231 行.
NOTIC: [8] Undefined variable: WST_STAFF F:\www\e\Apps\Runtime\Cache\Admin\a604f3bcfb81be38d96c99a44f95a6e8.php 第 249 行.
NOTIC: [2] in_array() expects parameter 2 to be array, null given F:\www\e\Apps\Runtime\Cache\Admin\a604f3bcfb81be38d96c99a44f95a6e8.php 第 249 行.
NOTIC: [8] Undefined variable: WST_STAFF F:\www\e\Apps\Runtime\Cache\Admin\a604f3bcfb81be38d96c99a44f95a6e8.php 第 267 行.
NOTIC: [2] in_array() expects parameter 2 to be array, null given F:\www\e\Apps\Runtime\Cache\Admin\a604f3bcfb81be38d96c99a44f95a6e8.php 第 267 行.
NOTIC: [8] Undefined variable: WST_STAFF F:\www\e\Apps\Runtime\Cache\Admin\a604f3bcfb81be38d96c99a44f95a6e8.php 第 288 行.
NOTIC: [2] in_array() expects parameter 2 to be array, null given F:\www\e\Apps\Runtime\Cache\Admin\a604f3bcfb81be38d96c99a44f95a6e8.php 第 288 行.
NOTIC: [8] Undefined variable: WST_STAFF F:\www\e\Apps\Runtime\Cache\Admin\a604f3bcfb81be38d96c99a44f95a6e8.php 第 306 行.
NOTIC: [2] in_array() expects parameter 2 to be array, null given F:\www\e\Apps\Runtime\Cache\Admin\a604f3bcfb81be38d96c99a44f95a6e8.php 第 306 行.
INFO: Run Behavior\ParseTemplateBehavior [ RunTime:0.023000s ]
INFO: [ view_parse ] --END-- [ RunTime:0.023000s ]
INFO: [ view_filter ] --START--
INFO: Run Behavior\WriteHtmlCacheBehavior [ RunTime:0.000000s ]
INFO: [ view_filter ] --END-- [ RunTime:0.000000s ]
INFO: [ app_end ] --START--
INFO: Run Behavior\ShowPageTraceBehavior [ RunTime:0.001000s ]
INFO: [ app_end ] --END-- [ RunTime:0.001000s ]

[ 2017-02-28T17:51:20+08:00 ] ::1 /e/index.php/Admin/Index/toMain.html
INFO: [ app_init ] --START--
INFO: Run Behavior\BuildLiteBehavior [ RunTime:0.000000s ]
INFO: [ app_init ] --END-- [ RunTime:0.001000s ]
INFO: [ app_begin ] --START--
INFO: Run Behavior\ReadHtmlCacheBehavior [ RunTime:0.001000s ]
INFO: [ app_begin ] --END-- [ RunTime:0.001000s ]
ERR: 1146:La table 'ecanal.ecanal_index' n'existe pas
 [ SQL语句 ] : SHOW COLUMNS FROM `ecanal_index`
ERR: 1146:La table 'ecanal.ecanal_index' n'existe pas
 [ SQL语句 ] : SHOW COLUMNS FROM `ecanal_index`

[ 2017-02-28T17:52:07+08:00 ] ::1 /e/index.php/Admin/Index/index.html
INFO: [ app_init ] --START--
INFO: Run Behavior\BuildLiteBehavior [ RunTime:0.000000s ]
INFO: [ app_init ] --END-- [ RunTime:0.000000s ]
INFO: [ app_begin ] --START--
INFO: Run Behavior\ReadHtmlCacheBehavior [ RunTime:0.001000s ]
INFO: [ app_begin ] --END-- [ RunTime:0.001000s ]
INFO: [ view_parse ] --START--
INFO: [ template_filter ] --START--
INFO: Run Behavior\ContentReplaceBehavior [ RunTime:0.000000s ]
INFO: [ template_filter ] --END-- [ RunTime:0.000000s ]
NOTIC: [8] Undefined variable: CONF F:\www\e\Apps\Runtime\Cache\Admin\a604f3bcfb81be38d96c99a44f95a6e8.php 第 11 行.
NOTIC: [8] Undefined index: staffNo F:\www\e\Apps\Runtime\Cache\Admin\a604f3bcfb81be38d96c99a44f95a6e8.php 第 106 行.
NOTIC: [8] Undefined variable: WST_STAFF F:\www\e\Apps\Runtime\Cache\Admin\a604f3bcfb81be38d96c99a44f95a6e8.php 第 154 行.
NOTIC: [2] in_array() expects parameter 2 to be array, null given F:\www\e\Apps\Runtime\Cache\Admin\a604f3bcfb81be38d96c99a44f95a6e8.php 第 154 行.
NOTIC: [8] Undefined variable: WST_STAFF F:\www\e\Apps\Runtime\Cache\Admin\a604f3bcfb81be38d96c99a44f95a6e8.php 第 179 行.
NOTIC: [2] in_array() expects parameter 2 to be array, null given F:\www\e\Apps\Runtime\Cache\Admin\a604f3bcfb81be38d96c99a44f95a6e8.php 第 179 行.
NOTIC: [8] Undefined variable: WST_STAFF F:\www\e\Apps\Runtime\Cache\Admin\a604f3bcfb81be38d96c99a44f95a6e8.php 第 200 行.
NOTIC: [2] in_array() expects parameter 2 to be array, null given F:\www\e\Apps\Runtime\Cache\Admin\a604f3bcfb81be38d96c99a44f95a6e8.php 第 200 行.
NOTIC: [8] Undefined variable: WST_STAFF F:\www\e\Apps\Runtime\Cache\Admin\a604f3bcfb81be38d96c99a44f95a6e8.php 第 212 行.
NOTIC: [2] in_array() expects parameter 2 to be array, null given F:\www\e\Apps\Runtime\Cache\Admin\a604f3bcfb81be38d96c99a44f95a6e8.php 第 212 行.
NOTIC: [8] Undefined variable: WST_STAFF F:\www\e\Apps\Runtime\Cache\Admin\a604f3bcfb81be38d96c99a44f95a6e8.php 第 231 行.
NOTIC: [2] in_array() expects parameter 2 to be array, null given F:\www\e\Apps\Runtime\Cache\Admin\a604f3bcfb81be38d96c99a44f95a6e8.php 第 231 行.
NOTIC: [8] Undefined variable: WST_STAFF F:\www\e\Apps\Runtime\Cache\Admin\a604f3bcfb81be38d96c99a44f95a6e8.php 第 249 行.
NOTIC: [2] in_array() expects parameter 2 to be array, null given F:\www\e\Apps\Runtime\Cache\Admin\a604f3bcfb81be38d96c99a44f95a6e8.php 第 249 行.
NOTIC: [8] Undefined variable: WST_STAFF F:\www\e\Apps\Runtime\Cache\Admin\a604f3bcfb81be38d96c99a44f95a6e8.php 第 267 行.
NOTIC: [2] in_array() expects parameter 2 to be array, null given F:\www\e\Apps\Runtime\Cache\Admin\a604f3bcfb81be38d96c99a44f95a6e8.php 第 267 行.
NOTIC: [8] Undefined variable: WST_STAFF F:\www\e\Apps\Runtime\Cache\Admin\a604f3bcfb81be38d96c99a44f95a6e8.php 第 288 行.
NOTIC: [2] in_array() expects parameter 2 to be array, null given F:\www\e\Apps\Runtime\Cache\Admin\a604f3bcfb81be38d96c99a44f95a6e8.php 第 288 行.
NOTIC: [8] Undefined variable: WST_STAFF F:\www\e\Apps\Runtime\Cache\Admin\a604f3bcfb81be38d96c99a44f95a6e8.php 第 306 行.
NOTIC: [2] in_array() expects parameter 2 to be array, null given F:\www\e\Apps\Runtime\Cache\Admin\a604f3bcfb81be38d96c99a44f95a6e8.php 第 306 行.
INFO: Run Behavior\ParseTemplateBehavior [ RunTime:0.025000s ]
INFO: [ view_parse ] --END-- [ RunTime:0.025000s ]
INFO: [ view_filter ] --START--
INFO: Run Behavior\WriteHtmlCacheBehavior [ RunTime:0.000000s ]
INFO: [ view_filter ] --END-- [ RunTime:0.000000s ]
INFO: [ app_end ] --START--
INFO: Run Behavior\ShowPageTraceBehavior [ RunTime:0.001000s ]
INFO: [ app_end ] --END-- [ RunTime:0.001000s ]

[ 2017-02-28T17:52:08+08:00 ] ::1 /e/index.php/Admin/Index/index.html
INFO: [ app_init ] --START--
INFO: Run Behavior\BuildLiteBehavior [ RunTime:0.000000s ]
INFO: [ app_init ] --END-- [ RunTime:0.001000s ]
INFO: [ app_begin ] --START--
INFO: Run Behavior\ReadHtmlCacheBehavior [ RunTime:0.001000s ]
INFO: [ app_begin ] --END-- [ RunTime:0.001000s ]
INFO: [ view_parse ] --START--
INFO: [ template_filter ] --START--
INFO: Run Behavior\ContentReplaceBehavior [ RunTime:0.000000s ]
INFO: [ template_filter ] --END-- [ RunTime:0.000000s ]
NOTIC: [8] Undefined variable: CONF F:\www\e\Apps\Runtime\Cache\Admin\a604f3bcfb81be38d96c99a44f95a6e8.php 第 11 行.
NOTIC: [8] Undefined index: staffNo F:\www\e\Apps\Runtime\Cache\Admin\a604f3bcfb81be38d96c99a44f95a6e8.php 第 106 行.
NOTIC: [8] Undefined variable: WST_STAFF F:\www\e\Apps\Runtime\Cache\Admin\a604f3bcfb81be38d96c99a44f95a6e8.php 第 154 行.
NOTIC: [2] in_array() expects parameter 2 to be array, null given F:\www\e\Apps\Runtime\Cache\Admin\a604f3bcfb81be38d96c99a44f95a6e8.php 第 154 行.
NOTIC: [8] Undefined variable: WST_STAFF F:\www\e\Apps\Runtime\Cache\Admin\a604f3bcfb81be38d96c99a44f95a6e8.php 第 179 行.
NOTIC: [2] in_array() expects parameter 2 to be array, null given F:\www\e\Apps\Runtime\Cache\Admin\a604f3bcfb81be38d96c99a44f95a6e8.php 第 179 行.
NOTIC: [8] Undefined variable: WST_STAFF F:\www\e\Apps\Runtime\Cache\Admin\a604f3bcfb81be38d96c99a44f95a6e8.php 第 200 行.
NOTIC: [2] in_array() expects parameter 2 to be array, null given F:\www\e\Apps\Runtime\Cache\Admin\a604f3bcfb81be38d96c99a44f95a6e8.php 第 200 行.
NOTIC: [8] Undefined variable: WST_STAFF F:\www\e\Apps\Runtime\Cache\Admin\a604f3bcfb81be38d96c99a44f95a6e8.php 第 212 行.
NOTIC: [2] in_array() expects parameter 2 to be array, null given F:\www\e\Apps\Runtime\Cache\Admin\a604f3bcfb81be38d96c99a44f95a6e8.php 第 212 行.
NOTIC: [8] Undefined variable: WST_STAFF F:\www\e\Apps\Runtime\Cache\Admin\a604f3bcfb81be38d96c99a44f95a6e8.php 第 231 行.
NOTIC: [2] in_array() expects parameter 2 to be array, null given F:\www\e\Apps\Runtime\Cache\Admin\a604f3bcfb81be38d96c99a44f95a6e8.php 第 231 行.
NOTIC: [8] Undefined variable: WST_STAFF F:\www\e\Apps\Runtime\Cache\Admin\a604f3bcfb81be38d96c99a44f95a6e8.php 第 249 行.
NOTIC: [2] in_array() expects parameter 2 to be array, null given F:\www\e\Apps\Runtime\Cache\Admin\a604f3bcfb81be38d96c99a44f95a6e8.php 第 249 行.
NOTIC: [8] Undefined variable: WST_STAFF F:\www\e\Apps\Runtime\Cache\Admin\a604f3bcfb81be38d96c99a44f95a6e8.php 第 267 行.
NOTIC: [2] in_array() expects parameter 2 to be array, null given F:\www\e\Apps\Runtime\Cache\Admin\a604f3bcfb81be38d96c99a44f95a6e8.php 第 267 行.
NOTIC: [8] Undefined variable: WST_STAFF F:\www\e\Apps\Runtime\Cache\Admin\a604f3bcfb81be38d96c99a44f95a6e8.php 第 288 行.
NOTIC: [2] in_array() expects parameter 2 to be array, null given F:\www\e\Apps\Runtime\Cache\Admin\a604f3bcfb81be38d96c99a44f95a6e8.php 第 288 行.
NOTIC: [8] Undefined variable: WST_STAFF F:\www\e\Apps\Runtime\Cache\Admin\a604f3bcfb81be38d96c99a44f95a6e8.php 第 306 行.
NOTIC: [2] in_array() expects parameter 2 to be array, null given F:\www\e\Apps\Runtime\Cache\Admin\a604f3bcfb81be38d96c99a44f95a6e8.php 第 306 行.
INFO: Run Behavior\ParseTemplateBehavior [ RunTime:0.026000s ]
INFO: [ view_parse ] --END-- [ RunTime:0.026000s ]
INFO: [ view_filter ] --START--
INFO: Run Behavior\WriteHtmlCacheBehavior [ RunTime:0.000000s ]
INFO: [ view_filter ] --END-- [ RunTime:0.000000s ]
INFO: [ app_end ] --START--
INFO: Run Behavior\ShowPageTraceBehavior [ RunTime:0.001000s ]
INFO: [ app_end ] --END-- [ RunTime:0.001000s ]

[ 2017-02-28T17:52:45+08:00 ] ::1 /e/index.php/Admin/Index/index.html
INFO: [ app_init ] --START--
INFO: Run Behavior\BuildLiteBehavior [ RunTime:0.000000s ]
INFO: [ app_init ] --END-- [ RunTime:0.001000s ]
INFO: [ app_begin ] --START--
INFO: Run Behavior\ReadHtmlCacheBehavior [ RunTime:0.001000s ]
INFO: [ app_begin ] --END-- [ RunTime:0.001000s ]
INFO: [ view_parse ] --START--
INFO: [ template_filter ] --START--
INFO: Run Behavior\ContentReplaceBehavior [ RunTime:0.000000s ]
INFO: [ template_filter ] --END-- [ RunTime:0.000000s ]
NOTIC: [8] Undefined variable: CONF F:\www\e\Apps\Runtime\Cache\Admin\a604f3bcfb81be38d96c99a44f95a6e8.php 第 11 行.
NOTIC: [8] Undefined index: staffNo F:\www\e\Apps\Runtime\Cache\Admin\a604f3bcfb81be38d96c99a44f95a6e8.php 第 106 行.
NOTIC: [8] Undefined variable: WST_STAFF F:\www\e\Apps\Runtime\Cache\Admin\a604f3bcfb81be38d96c99a44f95a6e8.php 第 154 行.
NOTIC: [2] in_array() expects parameter 2 to be array, null given F:\www\e\Apps\Runtime\Cache\Admin\a604f3bcfb81be38d96c99a44f95a6e8.php 第 154 行.
NOTIC: [8] Undefined variable: WST_STAFF F:\www\e\Apps\Runtime\Cache\Admin\a604f3bcfb81be38d96c99a44f95a6e8.php 第 179 行.
NOTIC: [2] in_array() expects parameter 2 to be array, null given F:\www\e\Apps\Runtime\Cache\Admin\a604f3bcfb81be38d96c99a44f95a6e8.php 第 179 行.
NOTIC: [8] Undefined variable: WST_STAFF F:\www\e\Apps\Runtime\Cache\Admin\a604f3bcfb81be38d96c99a44f95a6e8.php 第 200 行.
NOTIC: [2] in_array() expects parameter 2 to be array, null given F:\www\e\Apps\Runtime\Cache\Admin\a604f3bcfb81be38d96c99a44f95a6e8.php 第 200 行.
NOTIC: [8] Undefined variable: WST_STAFF F:\www\e\Apps\Runtime\Cache\Admin\a604f3bcfb81be38d96c99a44f95a6e8.php 第 212 行.
NOTIC: [2] in_array() expects parameter 2 to be array, null given F:\www\e\Apps\Runtime\Cache\Admin\a604f3bcfb81be38d96c99a44f95a6e8.php 第 212 行.
NOTIC: [8] Undefined variable: WST_STAFF F:\www\e\Apps\Runtime\Cache\Admin\a604f3bcfb81be38d96c99a44f95a6e8.php 第 231 行.
NOTIC: [2] in_array() expects parameter 2 to be array, null given F:\www\e\Apps\Runtime\Cache\Admin\a604f3bcfb81be38d96c99a44f95a6e8.php 第 231 行.
NOTIC: [8] Undefined variable: WST_STAFF F:\www\e\Apps\Runtime\Cache\Admin\a604f3bcfb81be38d96c99a44f95a6e8.php 第 249 行.
NOTIC: [2] in_array() expects parameter 2 to be array, null given F:\www\e\Apps\Runtime\Cache\Admin\a604f3bcfb81be38d96c99a44f95a6e8.php 第 249 行.
NOTIC: [8] Undefined variable: WST_STAFF F:\www\e\Apps\Runtime\Cache\Admin\a604f3bcfb81be38d96c99a44f95a6e8.php 第 267 行.
NOTIC: [2] in_array() expects parameter 2 to be array, null given F:\www\e\Apps\Runtime\Cache\Admin\a604f3bcfb81be38d96c99a44f95a6e8.php 第 267 行.
NOTIC: [8] Undefined variable: WST_STAFF F:\www\e\Apps\Runtime\Cache\Admin\a604f3bcfb81be38d96c99a44f95a6e8.php 第 288 行.
NOTIC: [2] in_array() expects parameter 2 to be array, null given F:\www\e\Apps\Runtime\Cache\Admin\a604f3bcfb81be38d96c99a44f95a6e8.php 第 288 行.
NOTIC: [8] Undefined variable: WST_STAFF F:\www\e\Apps\Runtime\Cache\Admin\a604f3bcfb81be38d96c99a44f95a6e8.php 第 306 行.
NOTIC: [2] in_array() expects parameter 2 to be array, null given F:\www\e\Apps\Runtime\Cache\Admin\a604f3bcfb81be38d96c99a44f95a6e8.php 第 306 行.
INFO: Run Behavior\ParseTemplateBehavior [ RunTime:0.026000s ]
INFO: [ view_parse ] --END-- [ RunTime:0.026000s ]
INFO: [ view_filter ] --START--
INFO: Run Behavior\WriteHtmlCacheBehavior [ RunTime:0.001000s ]
INFO: [ view_filter ] --END-- [ RunTime:0.001000s ]
INFO: [ app_end ] --START--
INFO: Run Behavior\ShowPageTraceBehavior [ RunTime:0.001000s ]
INFO: [ app_end ] --END-- [ RunTime:0.001000s ]

[ 2017-02-28T17:55:12+08:00 ] ::1 /e/index.php/Admin/Index/index.html
INFO: [ app_init ] --START--
INFO: Run Behavior\BuildLiteBehavior [ RunTime:0.000000s ]
INFO: [ app_init ] --END-- [ RunTime:0.000000s ]
INFO: [ app_begin ] --START--
INFO: Run Behavior\ReadHtmlCacheBehavior [ RunTime:0.001000s ]
INFO: [ app_begin ] --END-- [ RunTime:0.001000s ]
INFO: [ view_parse ] --START--
INFO: [ template_filter ] --START--
INFO: Run Behavior\ContentReplaceBehavior [ RunTime:0.000000s ]
INFO: [ template_filter ] --END-- [ RunTime:0.000000s ]
NOTIC: [8] Undefined variable: CONF F:\www\e\Apps\Runtime\Cache\Admin\a604f3bcfb81be38d96c99a44f95a6e8.php 第 11 行.
NOTIC: [8] Undefined index: staffNo F:\www\e\Apps\Runtime\Cache\Admin\a604f3bcfb81be38d96c99a44f95a6e8.php 第 106 行.
NOTIC: [8] Undefined variable: WST_STAFF F:\www\e\Apps\Runtime\Cache\Admin\a604f3bcfb81be38d96c99a44f95a6e8.php 第 159 行.
NOTIC: [2] in_array() expects parameter 2 to be array, null given F:\www\e\Apps\Runtime\Cache\Admin\a604f3bcfb81be38d96c99a44f95a6e8.php 第 159 行.
NOTIC: [8] Undefined variable: WST_STAFF F:\www\e\Apps\Runtime\Cache\Admin\a604f3bcfb81be38d96c99a44f95a6e8.php 第 162 行.
NOTIC: [2] in_array() expects parameter 2 to be array, null given F:\www\e\Apps\Runtime\Cache\Admin\a604f3bcfb81be38d96c99a44f95a6e8.php 第 162 行.
NOTIC: [8] Undefined variable: WST_STAFF F:\www\e\Apps\Runtime\Cache\Admin\a604f3bcfb81be38d96c99a44f95a6e8.php 第 165 行.
NOTIC: [2] in_array() expects parameter 2 to be array, null given F:\www\e\Apps\Runtime\Cache\Admin\a604f3bcfb81be38d96c99a44f95a6e8.php 第 165 行.
INFO: Run Behavior\ParseTemplateBehavior [ RunTime:0.012000s ]
INFO: [ view_parse ] --END-- [ RunTime:0.012000s ]
INFO: [ view_filter ] --START--
INFO: Run Behavior\WriteHtmlCacheBehavior [ RunTime:0.001000s ]
INFO: [ view_filter ] --END-- [ RunTime:0.001000s ]
INFO: [ app_end ] --START--
INFO: Run Behavior\ShowPageTraceBehavior [ RunTime:0.001000s ]
INFO: [ app_end ] --END-- [ RunTime:0.001000s ]

[ 2017-02-28T17:56:03+08:00 ] ::1 /e/index.php/Admin/Index/index.html
INFO: [ app_init ] --START--
INFO: Run Behavior\BuildLiteBehavior [ RunTime:0.000000s ]
INFO: [ app_init ] --END-- [ RunTime:0.002000s ]
INFO: [ app_begin ] --START--
INFO: Run Behavior\ReadHtmlCacheBehavior [ RunTime:0.001000s ]
INFO: [ app_begin ] --END-- [ RunTime:0.002000s ]
INFO: [ view_parse ] --START--
INFO: [ template_filter ] --START--
INFO: Run Behavior\ContentReplaceBehavior [ RunTime:0.001000s ]
INFO: [ template_filter ] --END-- [ RunTime:0.001000s ]
NOTIC: [8] Undefined variable: CONF F:\www\e\Apps\Runtime\Cache\Admin\a604f3bcfb81be38d96c99a44f95a6e8.php 第 11 行.
NOTIC: [8] Undefined index: staffNo F:\www\e\Apps\Runtime\Cache\Admin\a604f3bcfb81be38d96c99a44f95a6e8.php 第 106 行.
NOTIC: [8] Undefined variable: WST_STAFF F:\www\e\Apps\Runtime\Cache\Admin\a604f3bcfb81be38d96c99a44f95a6e8.php 第 159 行.
NOTIC: [2] in_array() expects parameter 2 to be array, null given F:\www\e\Apps\Runtime\Cache\Admin\a604f3bcfb81be38d96c99a44f95a6e8.php 第 159 行.
NOTIC: [8] Undefined variable: WST_STAFF F:\www\e\Apps\Runtime\Cache\Admin\a604f3bcfb81be38d96c99a44f95a6e8.php 第 162 行.
NOTIC: [2] in_array() expects parameter 2 to be array, null given F:\www\e\Apps\Runtime\Cache\Admin\a604f3bcfb81be38d96c99a44f95a6e8.php 第 162 行.
NOTIC: [8] Undefined variable: WST_STAFF F:\www\e\Apps\Runtime\Cache\Admin\a604f3bcfb81be38d96c99a44f95a6e8.php 第 165 行.
NOTIC: [2] in_array() expects parameter 2 to be array, null given F:\www\e\Apps\Runtime\Cache\Admin\a604f3bcfb81be38d96c99a44f95a6e8.php 第 165 行.
INFO: Run Behavior\ParseTemplateBehavior [ RunTime:0.012000s ]
INFO: [ view_parse ] --END-- [ RunTime:0.012000s ]
INFO: [ view_filter ] --START--
INFO: Run Behavior\WriteHtmlCacheBehavior [ RunTime:0.001000s ]
INFO: [ view_filter ] --END-- [ RunTime:0.001000s ]
INFO: [ app_end ] --START--
INFO: Run Behavior\ShowPageTraceBehavior [ RunTime:0.001000s ]
INFO: [ app_end ] --END-- [ RunTime:0.001000s ]

[ 2017-02-28T17:56:20+08:00 ] ::1 /e/index.php/Admin/Index/index.html
INFO: [ app_init ] --START--
INFO: Run Behavior\BuildLiteBehavior [ RunTime:0.000000s ]
INFO: [ app_init ] --END-- [ RunTime:0.001000s ]
INFO: [ app_begin ] --START--
INFO: Run Behavior\ReadHtmlCacheBehavior [ RunTime:0.001000s ]
INFO: [ app_begin ] --END-- [ RunTime:0.001000s ]
INFO: [ view_parse ] --START--
INFO: [ template_filter ] --START--
INFO: Run Behavior\ContentReplaceBehavior [ RunTime:0.000000s ]
INFO: [ template_filter ] --END-- [ RunTime:0.001000s ]
NOTIC: [8] Undefined variable: CONF F:\www\e\Apps\Runtime\Cache\Admin\a604f3bcfb81be38d96c99a44f95a6e8.php 第 11 行.
NOTIC: [8] Undefined index: staffNo F:\www\e\Apps\Runtime\Cache\Admin\a604f3bcfb81be38d96c99a44f95a6e8.php 第 106 行.
NOTIC: [8] Undefined variable: WST_STAFF F:\www\e\Apps\Runtime\Cache\Admin\a604f3bcfb81be38d96c99a44f95a6e8.php 第 159 行.
NOTIC: [2] in_array() expects parameter 2 to be array, null given F:\www\e\Apps\Runtime\Cache\Admin\a604f3bcfb81be38d96c99a44f95a6e8.php 第 159 行.
NOTIC: [8] Undefined variable: WST_STAFF F:\www\e\Apps\Runtime\Cache\Admin\a604f3bcfb81be38d96c99a44f95a6e8.php 第 162 行.
NOTIC: [2] in_array() expects parameter 2 to be array, null given F:\www\e\Apps\Runtime\Cache\Admin\a604f3bcfb81be38d96c99a44f95a6e8.php 第 162 行.
NOTIC: [8] Undefined variable: WST_STAFF F:\www\e\Apps\Runtime\Cache\Admin\a604f3bcfb81be38d96c99a44f95a6e8.php 第 165 行.
NOTIC: [2] in_array() expects parameter 2 to be array, null given F:\www\e\Apps\Runtime\Cache\Admin\a604f3bcfb81be38d96c99a44f95a6e8.php 第 165 行.
INFO: Run Behavior\ParseTemplateBehavior [ RunTime:0.014000s ]
INFO: [ view_parse ] --END-- [ RunTime:0.014000s ]
INFO: [ view_filter ] --START--
INFO: Run Behavior\WriteHtmlCacheBehavior [ RunTime:0.001000s ]
INFO: [ view_filter ] --END-- [ RunTime:0.001000s ]
INFO: [ app_end ] --START--
INFO: Run Behavior\ShowPageTraceBehavior [ RunTime:0.001000s ]
INFO: [ app_end ] --END-- [ RunTime:0.001000s ]

[ 2017-02-28T17:56:34+08:00 ] ::1 /e/index.php/Admin/Index/index.html
INFO: [ app_init ] --START--
INFO: Run Behavior\BuildLiteBehavior [ RunTime:0.001000s ]
INFO: [ app_init ] --END-- [ RunTime:0.001000s ]
INFO: [ app_begin ] --START--
INFO: Run Behavior\ReadHtmlCacheBehavior [ RunTime:0.001000s ]
INFO: [ app_begin ] --END-- [ RunTime:0.001000s ]
INFO: [ view_parse ] --START--
INFO: [ template_filter ] --START--
INFO: Run Behavior\ContentReplaceBehavior [ RunTime:0.000000s ]
INFO: [ template_filter ] --END-- [ RunTime:0.001000s ]
NOTIC: [8] Undefined variable: CONF F:\www\e\Apps\Runtime\Cache\Admin\a604f3bcfb81be38d96c99a44f95a6e8.php 第 11 行.
NOTIC: [8] Undefined index: staffNo F:\www\e\Apps\Runtime\Cache\Admin\a604f3bcfb81be38d96c99a44f95a6e8.php 第 106 行.
NOTIC: [8] Undefined variable: WST_STAFF F:\www\e\Apps\Runtime\Cache\Admin\a604f3bcfb81be38d96c99a44f95a6e8.php 第 159 行.
NOTIC: [2] in_array() expects parameter 2 to be array, null given F:\www\e\Apps\Runtime\Cache\Admin\a604f3bcfb81be38d96c99a44f95a6e8.php 第 159 行.
NOTIC: [8] Undefined variable: WST_STAFF F:\www\e\Apps\Runtime\Cache\Admin\a604f3bcfb81be38d96c99a44f95a6e8.php 第 162 行.
NOTIC: [2] in_array() expects parameter 2 to be array, null given F:\www\e\Apps\Runtime\Cache\Admin\a604f3bcfb81be38d96c99a44f95a6e8.php 第 162 行.
NOTIC: [8] Undefined variable: WST_STAFF F:\www\e\Apps\Runtime\Cache\Admin\a604f3bcfb81be38d96c99a44f95a6e8.php 第 165 行.
NOTIC: [2] in_array() expects parameter 2 to be array, null given F:\www\e\Apps\Runtime\Cache\Admin\a604f3bcfb81be38d96c99a44f95a6e8.php 第 165 行.
INFO: Run Behavior\ParseTemplateBehavior [ RunTime:0.015000s ]
INFO: [ view_parse ] --END-- [ RunTime:0.016000s ]
INFO: [ view_filter ] --START--
INFO: Run Behavior\WriteHtmlCacheBehavior [ RunTime:0.000000s ]
INFO: [ view_filter ] --END-- [ RunTime:0.000000s ]
INFO: [ app_end ] --START--
INFO: Run Behavior\ShowPageTraceBehavior [ RunTime:0.000000s ]
INFO: [ app_end ] --END-- [ RunTime:0.000000s ]

[ 2017-02-28T17:57:59+08:00 ] ::1 /e/index.php/Admin/Index/index.html
INFO: [ app_init ] --START--
INFO: Run Behavior\BuildLiteBehavior [ RunTime:0.000000s ]
INFO: [ app_init ] --END-- [ RunTime:0.001000s ]
INFO: [ app_begin ] --START--
INFO: Run Behavior\ReadHtmlCacheBehavior [ RunTime:0.002000s ]
INFO: [ app_begin ] --END-- [ RunTime:0.002000s ]
INFO: [ view_parse ] --START--
INFO: [ template_filter ] --START--
INFO: Run Behavior\ContentReplaceBehavior [ RunTime:0.000000s ]
INFO: [ template_filter ] --END-- [ RunTime:0.000000s ]
NOTIC: [8] Undefined variable: CONF F:\www\e\Apps\Runtime\Cache\Admin\a604f3bcfb81be38d96c99a44f95a6e8.php 第 11 行.
NOTIC: [8] Undefined index: staffNo F:\www\e\Apps\Runtime\Cache\Admin\a604f3bcfb81be38d96c99a44f95a6e8.php 第 106 行.
NOTIC: [8] Undefined variable: WST_STAFF F:\www\e\Apps\Runtime\Cache\Admin\a604f3bcfb81be38d96c99a44f95a6e8.php 第 159 行.
NOTIC: [2] in_array() expects parameter 2 to be array, null given F:\www\e\Apps\Runtime\Cache\Admin\a604f3bcfb81be38d96c99a44f95a6e8.php 第 159 行.
NOTIC: [8] Undefined variable: WST_STAFF F:\www\e\Apps\Runtime\Cache\Admin\a604f3bcfb81be38d96c99a44f95a6e8.php 第 162 行.
NOTIC: [2] in_array() expects parameter 2 to be array, null given F:\www\e\Apps\Runtime\Cache\Admin\a604f3bcfb81be38d96c99a44f95a6e8.php 第 162 行.
NOTIC: [8] Undefined variable: WST_STAFF F:\www\e\Apps\Runtime\Cache\Admin\a604f3bcfb81be38d96c99a44f95a6e8.php 第 165 行.
NOTIC: [2] in_array() expects parameter 2 to be array, null given F:\www\e\Apps\Runtime\Cache\Admin\a604f3bcfb81be38d96c99a44f95a6e8.php 第 165 行.
INFO: Run Behavior\ParseTemplateBehavior [ RunTime:0.013000s ]
INFO: [ view_parse ] --END-- [ RunTime:0.014000s ]
INFO: [ view_filter ] --START--
INFO: Run Behavior\WriteHtmlCacheBehavior [ RunTime:0.000000s ]
INFO: [ view_filter ] --END-- [ RunTime:0.001000s ]
INFO: [ app_end ] --START--
INFO: Run Behavior\ShowPageTraceBehavior [ RunTime:0.001000s ]
INFO: [ app_end ] --END-- [ RunTime:0.001000s ]

[ 2017-02-28T18:10:27+08:00 ] ::1 /e/index.php/Admin/Index/index.html
INFO: [ app_init ] --START--
INFO: Run Behavior\BuildLiteBehavior [ RunTime:0.000000s ]
INFO: [ app_init ] --END-- [ RunTime:0.001000s ]
INFO: [ app_begin ] --START--
INFO: Run Behavior\ReadHtmlCacheBehavior [ RunTime:0.001000s ]
INFO: [ app_begin ] --END-- [ RunTime:0.001000s ]
INFO: [ view_parse ] --START--
INFO: [ template_filter ] --START--
INFO: Run Behavior\ContentReplaceBehavior [ RunTime:0.000000s ]
INFO: [ template_filter ] --END-- [ RunTime:0.000000s ]
NOTIC: [8] Undefined variable: CONF F:\www\e\Apps\Runtime\Cache\Admin\a604f3bcfb81be38d96c99a44f95a6e8.php 第 11 行.
NOTIC: [8] Undefined variable: WST_STAFF F:\www\e\Apps\Runtime\Cache\Admin\a604f3bcfb81be38d96c99a44f95a6e8.php 第 107 行.
NOTIC: [8] Undefined variable: WST_STAFF F:\www\e\Apps\Runtime\Cache\Admin\a604f3bcfb81be38d96c99a44f95a6e8.php 第 153 行.
NOTIC: [2] in_array() expects parameter 2 to be array, null given F:\www\e\Apps\Runtime\Cache\Admin\a604f3bcfb81be38d96c99a44f95a6e8.php 第 153 行.
NOTIC: [8] Undefined variable: WST_STAFF F:\www\e\Apps\Runtime\Cache\Admin\a604f3bcfb81be38d96c99a44f95a6e8.php 第 178 行.
NOTIC: [2] in_array() expects parameter 2 to be array, null given F:\www\e\Apps\Runtime\Cache\Admin\a604f3bcfb81be38d96c99a44f95a6e8.php 第 178 行.
NOTIC: [8] Undefined variable: WST_STAFF F:\www\e\Apps\Runtime\Cache\Admin\a604f3bcfb81be38d96c99a44f95a6e8.php 第 199 行.
NOTIC: [2] in_array() expects parameter 2 to be array, null given F:\www\e\Apps\Runtime\Cache\Admin\a604f3bcfb81be38d96c99a44f95a6e8.php 第 199 行.
NOTIC: [8] Undefined variable: WST_STAFF F:\www\e\Apps\Runtime\Cache\Admin\a604f3bcfb81be38d96c99a44f95a6e8.php 第 211 行.
NOTIC: [2] in_array() expects parameter 2 to be array, null given F:\www\e\Apps\Runtime\Cache\Admin\a604f3bcfb81be38d96c99a44f95a6e8.php 第 211 行.
NOTIC: [8] Undefined variable: WST_STAFF F:\www\e\Apps\Runtime\Cache\Admin\a604f3bcfb81be38d96c99a44f95a6e8.php 第 230 行.
NOTIC: [2] in_array() expects parameter 2 to be array, null given F:\www\e\Apps\Runtime\Cache\Admin\a604f3bcfb81be38d96c99a44f95a6e8.php 第 230 行.
NOTIC: [8] Undefined variable: WST_STAFF F:\www\e\Apps\Runtime\Cache\Admin\a604f3bcfb81be38d96c99a44f95a6e8.php 第 248 行.
NOTIC: [2] in_array() expects parameter 2 to be array, null given F:\www\e\Apps\Runtime\Cache\Admin\a604f3bcfb81be38d96c99a44f95a6e8.php 第 248 行.
NOTIC: [8] Undefined variable: WST_STAFF F:\www\e\Apps\Runtime\Cache\Admin\a604f3bcfb81be38d96c99a44f95a6e8.php 第 266 行.
NOTIC: [2] in_array() expects parameter 2 to be array, null given F:\www\e\Apps\Runtime\Cache\Admin\a604f3bcfb81be38d96c99a44f95a6e8.php 第 266 行.
NOTIC: [8] Undefined variable: WST_STAFF F:\www\e\Apps\Runtime\Cache\Admin\a604f3bcfb81be38d96c99a44f95a6e8.php 第 287 行.
NOTIC: [2] in_array() expects parameter 2 to be array, null given F:\www\e\Apps\Runtime\Cache\Admin\a604f3bcfb81be38d96c99a44f95a6e8.php 第 287 行.
NOTIC: [8] Undefined variable: WST_STAFF F:\www\e\Apps\Runtime\Cache\Admin\a604f3bcfb81be38d96c99a44f95a6e8.php 第 305 行.
NOTIC: [2] in_array() expects parameter 2 to be array, null given F:\www\e\Apps\Runtime\Cache\Admin\a604f3bcfb81be38d96c99a44f95a6e8.php 第 305 行.
INFO: Run Behavior\ParseTemplateBehavior [ RunTime:0.021000s ]
INFO: [ view_parse ] --END-- [ RunTime:0.021000s ]
INFO: [ view_filter ] --START--
INFO: Run Behavior\WriteHtmlCacheBehavior [ RunTime:0.000000s ]
INFO: [ view_filter ] --END-- [ RunTime:0.001000s ]
INFO: [ app_end ] --START--
INFO: Run Behavior\ShowPageTraceBehavior [ RunTime:0.001000s ]
INFO: [ app_end ] --END-- [ RunTime:0.001000s ]

[ 2017-02-28T18:10:27+08:00 ] ::1 /e/index.php/Admin/Index/toMain.html
INFO: [ app_init ] --START--
INFO: Run Behavior\BuildLiteBehavior [ RunTime:0.000000s ]
INFO: [ app_init ] --END-- [ RunTime:0.001000s ]
INFO: [ app_begin ] --START--
INFO: Run Behavior\ReadHtmlCacheBehavior [ RunTime:0.001000s ]
INFO: [ app_begin ] --END-- [ RunTime:0.001000s ]
ERR: 1146:La table 'ecanal.ecanal_index' n'existe pas
 [ SQL语句 ] : SHOW COLUMNS FROM `ecanal_index`
ERR: 1146:La table 'ecanal.ecanal_index' n'existe pas
 [ SQL语句 ] : SHOW COLUMNS FROM `ecanal_index`

[ 2017-02-28T18:10:51+08:00 ] ::1 /e/index.php/Admin/Index/index.html
INFO: [ app_init ] --START--
INFO: Run Behavior\BuildLiteBehavior [ RunTime:0.001000s ]
INFO: [ app_init ] --END-- [ RunTime:0.001000s ]
INFO: [ app_begin ] --START--
INFO: Run Behavior\ReadHtmlCacheBehavior [ RunTime:0.001000s ]
INFO: [ app_begin ] --END-- [ RunTime:0.001000s ]
INFO: [ view_parse ] --START--
INFO: [ template_filter ] --START--
INFO: Run Behavior\ContentReplaceBehavior [ RunTime:0.001000s ]
INFO: [ template_filter ] --END-- [ RunTime:0.001000s ]
NOTIC: [8] Undefined variable: CONF F:\www\e\Apps\Runtime\Cache\Admin\a604f3bcfb81be38d96c99a44f95a6e8.php 第 11 行.
NOTIC: [8] Undefined variable: WST_STAFF F:\www\e\Apps\Runtime\Cache\Admin\a604f3bcfb81be38d96c99a44f95a6e8.php 第 107 行.
NOTIC: [8] Undefined variable: WST_STAFF F:\www\e\Apps\Runtime\Cache\Admin\a604f3bcfb81be38d96c99a44f95a6e8.php 第 153 行.
NOTIC: [2] in_array() expects parameter 2 to be array, null given F:\www\e\Apps\Runtime\Cache\Admin\a604f3bcfb81be38d96c99a44f95a6e8.php 第 153 行.
NOTIC: [8] Undefined variable: WST_STAFF F:\www\e\Apps\Runtime\Cache\Admin\a604f3bcfb81be38d96c99a44f95a6e8.php 第 178 行.
NOTIC: [2] in_array() expects parameter 2 to be array, null given F:\www\e\Apps\Runtime\Cache\Admin\a604f3bcfb81be38d96c99a44f95a6e8.php 第 178 行.
NOTIC: [8] Undefined variable: WST_STAFF F:\www\e\Apps\Runtime\Cache\Admin\a604f3bcfb81be38d96c99a44f95a6e8.php 第 199 行.
NOTIC: [2] in_array() expects parameter 2 to be array, null given F:\www\e\Apps\Runtime\Cache\Admin\a604f3bcfb81be38d96c99a44f95a6e8.php 第 199 行.
NOTIC: [8] Undefined variable: WST_STAFF F:\www\e\Apps\Runtime\Cache\Admin\a604f3bcfb81be38d96c99a44f95a6e8.php 第 211 行.
NOTIC: [2] in_array() expects parameter 2 to be array, null given F:\www\e\Apps\Runtime\Cache\Admin\a604f3bcfb81be38d96c99a44f95a6e8.php 第 211 行.
NOTIC: [8] Undefined variable: WST_STAFF F:\www\e\Apps\Runtime\Cache\Admin\a604f3bcfb81be38d96c99a44f95a6e8.php 第 230 行.
NOTIC: [2] in_array() expects parameter 2 to be array, null given F:\www\e\Apps\Runtime\Cache\Admin\a604f3bcfb81be38d96c99a44f95a6e8.php 第 230 行.
NOTIC: [8] Undefined variable: WST_STAFF F:\www\e\Apps\Runtime\Cache\Admin\a604f3bcfb81be38d96c99a44f95a6e8.php 第 248 行.
NOTIC: [2] in_array() expects parameter 2 to be array, null given F:\www\e\Apps\Runtime\Cache\Admin\a604f3bcfb81be38d96c99a44f95a6e8.php 第 248 行.
NOTIC: [8] Undefined variable: WST_STAFF F:\www\e\Apps\Runtime\Cache\Admin\a604f3bcfb81be38d96c99a44f95a6e8.php 第 266 行.
NOTIC: [2] in_array() expects parameter 2 to be array, null given F:\www\e\Apps\Runtime\Cache\Admin\a604f3bcfb81be38d96c99a44f95a6e8.php 第 266 行.
NOTIC: [8] Undefined variable: WST_STAFF F:\www\e\Apps\Runtime\Cache\Admin\a604f3bcfb81be38d96c99a44f95a6e8.php 第 287 行.
NOTIC: [2] in_array() expects parameter 2 to be array, null given F:\www\e\Apps\Runtime\Cache\Admin\a604f3bcfb81be38d96c99a44f95a6e8.php 第 287 行.
NOTIC: [8] Undefined variable: WST_STAFF F:\www\e\Apps\Runtime\Cache\Admin\a604f3bcfb81be38d96c99a44f95a6e8.php 第 305 行.
NOTIC: [2] in_array() expects parameter 2 to be array, null given F:\www\e\Apps\Runtime\Cache\Admin\a604f3bcfb81be38d96c99a44f95a6e8.php 第 305 行.
INFO: Run Behavior\ParseTemplateBehavior [ RunTime:0.026000s ]
INFO: [ view_parse ] --END-- [ RunTime:0.027000s ]
INFO: [ view_filter ] --START--
INFO: Run Behavior\WriteHtmlCacheBehavior [ RunTime:0.001000s ]
INFO: [ view_filter ] --END-- [ RunTime:0.001000s ]
INFO: [ app_end ] --START--
INFO: Run Behavior\ShowPageTraceBehavior [ RunTime:0.001000s ]
INFO: [ app_end ] --END-- [ RunTime:0.001000s ]

[ 2017-02-28T18:12:00+08:00 ] ::1 /e/index.php/Admin/Index/index.html
INFO: [ app_init ] --START--
INFO: Run Behavior\BuildLiteBehavior [ RunTime:0.000000s ]
INFO: [ app_init ] --END-- [ RunTime:0.001000s ]
INFO: [ app_begin ] --START--
INFO: Run Behavior\ReadHtmlCacheBehavior [ RunTime:0.002000s ]
INFO: [ app_begin ] --END-- [ RunTime:0.002000s ]
INFO: [ view_parse ] --START--
INFO: [ template_filter ] --START--
INFO: Run Behavior\ContentReplaceBehavior [ RunTime:0.000000s ]
INFO: [ template_filter ] --END-- [ RunTime:0.001000s ]
NOTIC: [8] Undefined variable: CONF F:\www\e\Apps\Runtime\Cache\Admin\a604f3bcfb81be38d96c99a44f95a6e8.php 第 11 行.
NOTIC: [8] Undefined variable: WST_STAFF F:\www\e\Apps\Runtime\Cache\Admin\a604f3bcfb81be38d96c99a44f95a6e8.php 第 107 行.
NOTIC: [8] Undefined variable: WST_STAFF F:\www\e\Apps\Runtime\Cache\Admin\a604f3bcfb81be38d96c99a44f95a6e8.php 第 153 行.
NOTIC: [2] in_array() expects parameter 2 to be array, null given F:\www\e\Apps\Runtime\Cache\Admin\a604f3bcfb81be38d96c99a44f95a6e8.php 第 153 行.
NOTIC: [8] Undefined variable: WST_STAFF F:\www\e\Apps\Runtime\Cache\Admin\a604f3bcfb81be38d96c99a44f95a6e8.php 第 178 行.
NOTIC: [2] in_array() expects parameter 2 to be array, null given F:\www\e\Apps\Runtime\Cache\Admin\a604f3bcfb81be38d96c99a44f95a6e8.php 第 178 行.
NOTIC: [8] Undefined variable: WST_STAFF F:\www\e\Apps\Runtime\Cache\Admin\a604f3bcfb81be38d96c99a44f95a6e8.php 第 193 行.
NOTIC: [2] in_array() expects parameter 2 to be array, null given F:\www\e\Apps\Runtime\Cache\Admin\a604f3bcfb81be38d96c99a44f95a6e8.php 第 193 行.
NOTIC: [8] Undefined variable: WST_STAFF F:\www\e\Apps\Runtime\Cache\Admin\a604f3bcfb81be38d96c99a44f95a6e8.php 第 212 行.
NOTIC: [2] in_array() expects parameter 2 to be array, null given F:\www\e\Apps\Runtime\Cache\Admin\a604f3bcfb81be38d96c99a44f95a6e8.php 第 212 行.
NOTIC: [8] Undefined variable: WST_STAFF F:\www\e\Apps\Runtime\Cache\Admin\a604f3bcfb81be38d96c99a44f95a6e8.php 第 230 行.
NOTIC: [2] in_array() expects parameter 2 to be array, null given F:\www\e\Apps\Runtime\Cache\Admin\a604f3bcfb81be38d96c99a44f95a6e8.php 第 230 行.
NOTIC: [8] Undefined variable: WST_STAFF F:\www\e\Apps\Runtime\Cache\Admin\a604f3bcfb81be38d96c99a44f95a6e8.php 第 248 行.
NOTIC: [2] in_array() expects parameter 2 to be array, null given F:\www\e\Apps\Runtime\Cache\Admin\a604f3bcfb81be38d96c99a44f95a6e8.php 第 248 行.
NOTIC: [8] Undefined variable: WST_STAFF F:\www\e\Apps\Runtime\Cache\Admin\a604f3bcfb81be38d96c99a44f95a6e8.php 第 269 行.
NOTIC: [2] in_array() expects parameter 2 to be array, null given F:\www\e\Apps\Runtime\Cache\Admin\a604f3bcfb81be38d96c99a44f95a6e8.php 第 269 行.
NOTIC: [8] Undefined variable: WST_STAFF F:\www\e\Apps\Runtime\Cache\Admin\a604f3bcfb81be38d96c99a44f95a6e8.php 第 287 行.
NOTIC: [2] in_array() expects parameter 2 to be array, null given F:\www\e\Apps\Runtime\Cache\Admin\a604f3bcfb81be38d96c99a44f95a6e8.php 第 287 行.
INFO: Run Behavior\ParseTemplateBehavior [ RunTime:0.039000s ]
INFO: [ view_parse ] --END-- [ RunTime:0.039000s ]
INFO: [ view_filter ] --START--
INFO: Run Behavior\WriteHtmlCacheBehavior [ RunTime:0.001000s ]
INFO: [ view_filter ] --END-- [ RunTime:0.001000s ]
INFO: [ app_end ] --START--
INFO: Run Behavior\ShowPageTraceBehavior [ RunTime:0.001000s ]
INFO: [ app_end ] --END-- [ RunTime:0.002000s ]

[ 2017-02-28T18:13:33+08:00 ] ::1 /e/index.php/Admin/Index/index.html
INFO: [ app_init ] --START--
INFO: Run Behavior\BuildLiteBehavior [ RunTime:0.000000s ]
INFO: [ app_init ] --END-- [ RunTime:0.001000s ]
INFO: [ app_begin ] --START--
INFO: Run Behavior\ReadHtmlCacheBehavior [ RunTime:0.001000s ]
INFO: [ app_begin ] --END-- [ RunTime:0.001000s ]
INFO: [ view_parse ] --START--
INFO: [ template_filter ] --START--
INFO: Run Behavior\ContentReplaceBehavior [ RunTime:0.000000s ]
INFO: [ template_filter ] --END-- [ RunTime:0.000000s ]
NOTIC: [8] Undefined variable: CONF F:\www\e\Apps\Runtime\Cache\Admin\a604f3bcfb81be38d96c99a44f95a6e8.php 第 11 行.
NOTIC: [8] Undefined variable: WST_STAFF F:\www\e\Apps\Runtime\Cache\Admin\a604f3bcfb81be38d96c99a44f95a6e8.php 第 116 行.
NOTIC: [8] Undefined variable: WST_STAFF F:\www\e\Apps\Runtime\Cache\Admin\a604f3bcfb81be38d96c99a44f95a6e8.php 第 162 行.
NOTIC: [2] in_array() expects parameter 2 to be array, null given F:\www\e\Apps\Runtime\Cache\Admin\a604f3bcfb81be38d96c99a44f95a6e8.php 第 162 行.
NOTIC: [8] Undefined variable: WST_STAFF F:\www\e\Apps\Runtime\Cache\Admin\a604f3bcfb81be38d96c99a44f95a6e8.php 第 187 行.
NOTIC: [2] in_array() expects parameter 2 to be array, null given F:\www\e\Apps\Runtime\Cache\Admin\a604f3bcfb81be38d96c99a44f95a6e8.php 第 187 行.
NOTIC: [8] Undefined variable: WST_STAFF F:\www\e\Apps\Runtime\Cache\Admin\a604f3bcfb81be38d96c99a44f95a6e8.php 第 202 行.
NOTIC: [2] in_array() expects parameter 2 to be array, null given F:\www\e\Apps\Runtime\Cache\Admin\a604f3bcfb81be38d96c99a44f95a6e8.php 第 202 行.
NOTIC: [8] Undefined variable: WST_STAFF F:\www\e\Apps\Runtime\Cache\Admin\a604f3bcfb81be38d96c99a44f95a6e8.php 第 221 行.
NOTIC: [2] in_array() expects parameter 2 to be array, null given F:\www\e\Apps\Runtime\Cache\Admin\a604f3bcfb81be38d96c99a44f95a6e8.php 第 221 行.
NOTIC: [8] Undefined variable: WST_STAFF F:\www\e\Apps\Runtime\Cache\Admin\a604f3bcfb81be38d96c99a44f95a6e8.php 第 239 行.
NOTIC: [2] in_array() expects parameter 2 to be array, null given F:\www\e\Apps\Runtime\Cache\Admin\a604f3bcfb81be38d96c99a44f95a6e8.php 第 239 行.
NOTIC: [8] Undefined variable: WST_STAFF F:\www\e\Apps\Runtime\Cache\Admin\a604f3bcfb81be38d96c99a44f95a6e8.php 第 257 行.
NOTIC: [2] in_array() expects parameter 2 to be array, null given F:\www\e\Apps\Runtime\Cache\Admin\a604f3bcfb81be38d96c99a44f95a6e8.php 第 257 行.
NOTIC: [8] Undefined variable: WST_STAFF F:\www\e\Apps\Runtime\Cache\Admin\a604f3bcfb81be38d96c99a44f95a6e8.php 第 278 行.
NOTIC: [2] in_array() expects parameter 2 to be array, null given F:\www\e\Apps\Runtime\Cache\Admin\a604f3bcfb81be38d96c99a44f95a6e8.php 第 278 行.
NOTIC: [8] Undefined variable: WST_STAFF F:\www\e\Apps\Runtime\Cache\Admin\a604f3bcfb81be38d96c99a44f95a6e8.php 第 296 行.
NOTIC: [2] in_array() expects parameter 2 to be array, null given F:\www\e\Apps\Runtime\Cache\Admin\a604f3bcfb81be38d96c99a44f95a6e8.php 第 296 行.
INFO: Run Behavior\ParseTemplateBehavior [ RunTime:0.021000s ]
INFO: [ view_parse ] --END-- [ RunTime:0.021000s ]
INFO: [ view_filter ] --START--
INFO: Run Behavior\WriteHtmlCacheBehavior [ RunTime:0.000000s ]
INFO: [ view_filter ] --END-- [ RunTime:0.001000s ]
INFO: [ app_end ] --START--
INFO: Run Behavior\ShowPageTraceBehavior [ RunTime:0.000000s ]
INFO: [ app_end ] --END-- [ RunTime:0.001000s ]

[ 2017-02-28T18:13:33+08:00 ] ::1 /e/index.php/Admin/Index/toMain.html
INFO: [ app_init ] --START--
INFO: Run Behavior\BuildLiteBehavior [ RunTime:0.000000s ]
INFO: [ app_init ] --END-- [ RunTime:0.001000s ]
INFO: [ app_begin ] --START--
INFO: Run Behavior\ReadHtmlCacheBehavior [ RunTime:0.001000s ]
INFO: [ app_begin ] --END-- [ RunTime:0.001000s ]
ERR: 1146:La table 'ecanal.ecanal_index' n'existe pas
 [ SQL语句 ] : SHOW COLUMNS FROM `ecanal_index`
ERR: 1146:La table 'ecanal.ecanal_index' n'existe pas
 [ SQL语句 ] : SHOW COLUMNS FROM `ecanal_index`

[ 2017-02-28T18:13:58+08:00 ] ::1 /e/index.php/Admin/Index/index.html
INFO: [ app_init ] --START--
INFO: Run Behavior\BuildLiteBehavior [ RunTime:0.000000s ]
INFO: [ app_init ] --END-- [ RunTime:0.001000s ]
INFO: [ app_begin ] --START--
INFO: Run Behavior\ReadHtmlCacheBehavior [ RunTime:0.001000s ]
INFO: [ app_begin ] --END-- [ RunTime:0.001000s ]
INFO: [ view_parse ] --START--
INFO: [ template_filter ] --START--
INFO: Run Behavior\ContentReplaceBehavior [ RunTime:0.000000s ]
INFO: [ template_filter ] --END-- [ RunTime:0.000000s ]
NOTIC: [8] Undefined variable: CONF F:\www\e\Apps\Runtime\Cache\Admin\a604f3bcfb81be38d96c99a44f95a6e8.php 第 11 行.
NOTIC: [8] Undefined variable: WST_STAFF F:\www\e\Apps\Runtime\Cache\Admin\a604f3bcfb81be38d96c99a44f95a6e8.php 第 116 行.
NOTIC: [8] Undefined variable: WST_STAFF F:\www\e\Apps\Runtime\Cache\Admin\a604f3bcfb81be38d96c99a44f95a6e8.php 第 162 行.
NOTIC: [2] in_array() expects parameter 2 to be array, null given F:\www\e\Apps\Runtime\Cache\Admin\a604f3bcfb81be38d96c99a44f95a6e8.php 第 162 行.
NOTIC: [8] Undefined variable: WST_STAFF F:\www\e\Apps\Runtime\Cache\Admin\a604f3bcfb81be38d96c99a44f95a6e8.php 第 187 行.
NOTIC: [2] in_array() expects parameter 2 to be array, null given F:\www\e\Apps\Runtime\Cache\Admin\a604f3bcfb81be38d96c99a44f95a6e8.php 第 187 行.
NOTIC: [8] Undefined variable: WST_STAFF F:\www\e\Apps\Runtime\Cache\Admin\a604f3bcfb81be38d96c99a44f95a6e8.php 第 202 行.
NOTIC: [2] in_array() expects parameter 2 to be array, null given F:\www\e\Apps\Runtime\Cache\Admin\a604f3bcfb81be38d96c99a44f95a6e8.php 第 202 行.
NOTIC: [8] Undefined variable: WST_STAFF F:\www\e\Apps\Runtime\Cache\Admin\a604f3bcfb81be38d96c99a44f95a6e8.php 第 221 行.
NOTIC: [2] in_array() expects parameter 2 to be array, null given F:\www\e\Apps\Runtime\Cache\Admin\a604f3bcfb81be38d96c99a44f95a6e8.php 第 221 行.
NOTIC: [8] Undefined variable: WST_STAFF F:\www\e\Apps\Runtime\Cache\Admin\a604f3bcfb81be38d96c99a44f95a6e8.php 第 239 行.
NOTIC: [2] in_array() expects parameter 2 to be array, null given F:\www\e\Apps\Runtime\Cache\Admin\a604f3bcfb81be38d96c99a44f95a6e8.php 第 239 行.
NOTIC: [8] Undefined variable: WST_STAFF F:\www\e\Apps\Runtime\Cache\Admin\a604f3bcfb81be38d96c99a44f95a6e8.php 第 257 行.
NOTIC: [2] in_array() expects parameter 2 to be array, null given F:\www\e\Apps\Runtime\Cache\Admin\a604f3bcfb81be38d96c99a44f95a6e8.php 第 257 行.
NOTIC: [8] Undefined variable: WST_STAFF F:\www\e\Apps\Runtime\Cache\Admin\a604f3bcfb81be38d96c99a44f95a6e8.php 第 278 行.
NOTIC: [2] in_array() expects parameter 2 to be array, null given F:\www\e\Apps\Runtime\Cache\Admin\a604f3bcfb81be38d96c99a44f95a6e8.php 第 278 行.
NOTIC: [8] Undefined variable: WST_STAFF F:\www\e\Apps\Runtime\Cache\Admin\a604f3bcfb81be38d96c99a44f95a6e8.php 第 296 行.
NOTIC: [2] in_array() expects parameter 2 to be array, null given F:\www\e\Apps\Runtime\Cache\Admin\a604f3bcfb81be38d96c99a44f95a6e8.php 第 296 行.
INFO: Run Behavior\ParseTemplateBehavior [ RunTime:0.023000s ]
INFO: [ view_parse ] --END-- [ RunTime:0.023000s ]
INFO: [ view_filter ] --START--
INFO: Run Behavior\WriteHtmlCacheBehavior [ RunTime:0.000000s ]
INFO: [ view_filter ] --END-- [ RunTime:0.001000s ]
INFO: [ app_end ] --START--
INFO: Run Behavior\ShowPageTraceBehavior [ RunTime:0.001000s ]
INFO: [ app_end ] --END-- [ RunTime:0.001000s ]

[ 2017-02-28T18:13:58+08:00 ] ::1 /e/index.php/Admin/Index/toMain.html
INFO: [ app_init ] --START--
INFO: Run Behavior\BuildLiteBehavior [ RunTime:0.000000s ]
INFO: [ app_init ] --END-- [ RunTime:0.000000s ]
INFO: [ app_begin ] --START--
INFO: Run Behavior\ReadHtmlCacheBehavior [ RunTime:0.001000s ]
INFO: [ app_begin ] --END-- [ RunTime:0.001000s ]
ERR: 1146:La table 'ecanal.ecanal_index' n'existe pas
 [ SQL语句 ] : SHOW COLUMNS FROM `ecanal_index`
ERR: 1146:La table 'ecanal.ecanal_index' n'existe pas
 [ SQL语句 ] : SHOW COLUMNS FROM `ecanal_index`

[ 2017-02-28T18:14:28+08:00 ] ::1 /e/index.php/Admin/Index/index.html
INFO: [ app_init ] --START--
INFO: Run Behavior\BuildLiteBehavior [ RunTime:0.000000s ]
INFO: [ app_init ] --END-- [ RunTime:0.001000s ]
INFO: [ app_begin ] --START--
INFO: Run Behavior\ReadHtmlCacheBehavior [ RunTime:0.000000s ]
INFO: [ app_begin ] --END-- [ RunTime:0.000000s ]
INFO: [ view_parse ] --START--
INFO: [ template_filter ] --START--
INFO: Run Behavior\ContentReplaceBehavior [ RunTime:0.001000s ]
INFO: [ template_filter ] --END-- [ RunTime:0.001000s ]
NOTIC: [8] Undefined variable: CONF F:\www\e\Apps\Runtime\Cache\Admin\a604f3bcfb81be38d96c99a44f95a6e8.php 第 11 行.
NOTIC: [8] Undefined variable: WST_STAFF F:\www\e\Apps\Runtime\Cache\Admin\a604f3bcfb81be38d96c99a44f95a6e8.php 第 116 行.
NOTIC: [8] Undefined variable: WST_STAFF F:\www\e\Apps\Runtime\Cache\Admin\a604f3bcfb81be38d96c99a44f95a6e8.php 第 162 行.
NOTIC: [2] in_array() expects parameter 2 to be array, null given F:\www\e\Apps\Runtime\Cache\Admin\a604f3bcfb81be38d96c99a44f95a6e8.php 第 162 行.
NOTIC: [8] Undefined variable: WST_STAFF F:\www\e\Apps\Runtime\Cache\Admin\a604f3bcfb81be38d96c99a44f95a6e8.php 第 187 行.
NOTIC: [2] in_array() expects parameter 2 to be array, null given F:\www\e\Apps\Runtime\Cache\Admin\a604f3bcfb81be38d96c99a44f95a6e8.php 第 187 行.
NOTIC: [8] Undefined variable: WST_STAFF F:\www\e\Apps\Runtime\Cache\Admin\a604f3bcfb81be38d96c99a44f95a6e8.php 第 202 行.
NOTIC: [2] in_array() expects parameter 2 to be array, null given F:\www\e\Apps\Runtime\Cache\Admin\a604f3bcfb81be38d96c99a44f95a6e8.php 第 202 行.
NOTIC: [8] Undefined variable: WST_STAFF F:\www\e\Apps\Runtime\Cache\Admin\a604f3bcfb81be38d96c99a44f95a6e8.php 第 221 行.
NOTIC: [2] in_array() expects parameter 2 to be array, null given F:\www\e\Apps\Runtime\Cache\Admin\a604f3bcfb81be38d96c99a44f95a6e8.php 第 221 行.
NOTIC: [8] Undefined variable: WST_STAFF F:\www\e\Apps\Runtime\Cache\Admin\a604f3bcfb81be38d96c99a44f95a6e8.php 第 239 行.
NOTIC: [2] in_array() expects parameter 2 to be array, null given F:\www\e\Apps\Runtime\Cache\Admin\a604f3bcfb81be38d96c99a44f95a6e8.php 第 239 行.
NOTIC: [8] Undefined variable: WST_STAFF F:\www\e\Apps\Runtime\Cache\Admin\a604f3bcfb81be38d96c99a44f95a6e8.php 第 257 行.
NOTIC: [2] in_array() expects parameter 2 to be array, null given F:\www\e\Apps\Runtime\Cache\Admin\a604f3bcfb81be38d96c99a44f95a6e8.php 第 257 行.
NOTIC: [8] Undefined variable: WST_STAFF F:\www\e\Apps\Runtime\Cache\Admin\a604f3bcfb81be38d96c99a44f95a6e8.php 第 278 行.
NOTIC: [2] in_array() expects parameter 2 to be array, null given F:\www\e\Apps\Runtime\Cache\Admin\a604f3bcfb81be38d96c99a44f95a6e8.php 第 278 行.
NOTIC: [8] Undefined variable: WST_STAFF F:\www\e\Apps\Runtime\Cache\Admin\a604f3bcfb81be38d96c99a44f95a6e8.php 第 296 行.
NOTIC: [2] in_array() expects parameter 2 to be array, null given F:\www\e\Apps\Runtime\Cache\Admin\a604f3bcfb81be38d96c99a44f95a6e8.php 第 296 行.
INFO: Run Behavior\ParseTemplateBehavior [ RunTime:0.020000s ]
INFO: [ view_parse ] --END-- [ RunTime:0.020000s ]
INFO: [ view_filter ] --START--
INFO: Run Behavior\WriteHtmlCacheBehavior [ RunTime:0.000000s ]
INFO: [ view_filter ] --END-- [ RunTime:0.001000s ]
INFO: [ app_end ] --START--
INFO: Run Behavior\ShowPageTraceBehavior [ RunTime:0.000000s ]
INFO: [ app_end ] --END-- [ RunTime:0.001000s ]

[ 2017-02-28T18:14:28+08:00 ] ::1 /e/index.php/Admin/Index/toMain.html
INFO: [ app_init ] --START--
INFO: Run Behavior\BuildLiteBehavior [ RunTime:0.000000s ]
INFO: [ app_init ] --END-- [ RunTime:0.001000s ]
INFO: [ app_begin ] --START--
INFO: Run Behavior\ReadHtmlCacheBehavior [ RunTime:0.001000s ]
INFO: [ app_begin ] --END-- [ RunTime:0.001000s ]
ERR: 1146:La table 'ecanal.ecanal_index' n'existe pas
 [ SQL语句 ] : SHOW COLUMNS FROM `ecanal_index`
ERR: 1146:La table 'ecanal.ecanal_index' n'existe pas
 [ SQL语句 ] : SHOW COLUMNS FROM `ecanal_index`

[ 2017-02-28T18:14:44+08:00 ] ::1 /e/index.php/Admin/Index/index.html
INFO: [ app_init ] --START--
INFO: Run Behavior\BuildLiteBehavior [ RunTime:0.000000s ]
INFO: [ app_init ] --END-- [ RunTime:0.001000s ]
INFO: [ app_begin ] --START--
INFO: Run Behavior\ReadHtmlCacheBehavior [ RunTime:0.002000s ]
INFO: [ app_begin ] --END-- [ RunTime:0.002000s ]
INFO: [ view_parse ] --START--
INFO: [ template_filter ] --START--
INFO: Run Behavior\ContentReplaceBehavior [ RunTime:0.000000s ]
INFO: [ template_filter ] --END-- [ RunTime:0.000000s ]
NOTIC: [8] Undefined variable: CONF F:\www\e\Apps\Runtime\Cache\Admin\a604f3bcfb81be38d96c99a44f95a6e8.php 第 11 行.
NOTIC: [8] Undefined variable: WST_STAFF F:\www\e\Apps\Runtime\Cache\Admin\a604f3bcfb81be38d96c99a44f95a6e8.php 第 116 行.
NOTIC: [8] Undefined variable: WST_STAFF F:\www\e\Apps\Runtime\Cache\Admin\a604f3bcfb81be38d96c99a44f95a6e8.php 第 162 行.
NOTIC: [2] in_array() expects parameter 2 to be array, null given F:\www\e\Apps\Runtime\Cache\Admin\a604f3bcfb81be38d96c99a44f95a6e8.php 第 162 行.
NOTIC: [8] Undefined variable: WST_STAFF F:\www\e\Apps\Runtime\Cache\Admin\a604f3bcfb81be38d96c99a44f95a6e8.php 第 187 行.
NOTIC: [2] in_array() expects parameter 2 to be array, null given F:\www\e\Apps\Runtime\Cache\Admin\a604f3bcfb81be38d96c99a44f95a6e8.php 第 187 行.
NOTIC: [8] Undefined variable: WST_STAFF F:\www\e\Apps\Runtime\Cache\Admin\a604f3bcfb81be38d96c99a44f95a6e8.php 第 202 行.
NOTIC: [2] in_array() expects parameter 2 to be array, null given F:\www\e\Apps\Runtime\Cache\Admin\a604f3bcfb81be38d96c99a44f95a6e8.php 第 202 行.
NOTIC: [8] Undefined variable: WST_STAFF F:\www\e\Apps\Runtime\Cache\Admin\a604f3bcfb81be38d96c99a44f95a6e8.php 第 221 行.
NOTIC: [2] in_array() expects parameter 2 to be array, null given F:\www\e\Apps\Runtime\Cache\Admin\a604f3bcfb81be38d96c99a44f95a6e8.php 第 221 行.
NOTIC: [8] Undefined variable: WST_STAFF F:\www\e\Apps\Runtime\Cache\Admin\a604f3bcfb81be38d96c99a44f95a6e8.php 第 239 行.
NOTIC: [2] in_array() expects parameter 2 to be array, null given F:\www\e\Apps\Runtime\Cache\Admin\a604f3bcfb81be38d96c99a44f95a6e8.php 第 239 行.
NOTIC: [8] Undefined variable: WST_STAFF F:\www\e\Apps\Runtime\Cache\Admin\a604f3bcfb81be38d96c99a44f95a6e8.php 第 257 行.
NOTIC: [2] in_array() expects parameter 2 to be array, null given F:\www\e\Apps\Runtime\Cache\Admin\a604f3bcfb81be38d96c99a44f95a6e8.php 第 257 行.
NOTIC: [8] Undefined variable: WST_STAFF F:\www\e\Apps\Runtime\Cache\Admin\a604f3bcfb81be38d96c99a44f95a6e8.php 第 278 行.
NOTIC: [2] in_array() expects parameter 2 to be array, null given F:\www\e\Apps\Runtime\Cache\Admin\a604f3bcfb81be38d96c99a44f95a6e8.php 第 278 行.
NOTIC: [8] Undefined variable: WST_STAFF F:\www\e\Apps\Runtime\Cache\Admin\a604f3bcfb81be38d96c99a44f95a6e8.php 第 296 行.
NOTIC: [2] in_array() expects parameter 2 to be array, null given F:\www\e\Apps\Runtime\Cache\Admin\a604f3bcfb81be38d96c99a44f95a6e8.php 第 296 行.
INFO: Run Behavior\ParseTemplateBehavior [ RunTime:0.024000s ]
INFO: [ view_parse ] --END-- [ RunTime:0.024000s ]
INFO: [ view_filter ] --START--
INFO: Run Behavior\WriteHtmlCacheBehavior [ RunTime:0.000000s ]
INFO: [ view_filter ] --END-- [ RunTime:0.000000s ]
INFO: [ app_end ] --START--
INFO: Run Behavior\ShowPageTraceBehavior [ RunTime:0.000000s ]
INFO: [ app_end ] --END-- [ RunTime:0.002000s ]

[ 2017-02-28T18:14:44+08:00 ] ::1 /e/index.php/Admin/Index/toMain.html
INFO: [ app_init ] --START--
INFO: Run Behavior\BuildLiteBehavior [ RunTime:0.000000s ]
INFO: [ app_init ] --END-- [ RunTime:0.000000s ]
INFO: [ app_begin ] --START--
INFO: Run Behavior\ReadHtmlCacheBehavior [ RunTime:0.001000s ]
INFO: [ app_begin ] --END-- [ RunTime:0.001000s ]
ERR: 1146:La table 'ecanal.ecanal_index' n'existe pas
 [ SQL语句 ] : SHOW COLUMNS FROM `ecanal_index`
ERR: 1146:La table 'ecanal.ecanal_index' n'existe pas
 [ SQL语句 ] : SHOW COLUMNS FROM `ecanal_index`

[ 2017-02-28T18:15:10+08:00 ] ::1 /e/index.php/Admin/Index/index.html
INFO: [ app_init ] --START--
INFO: Run Behavior\BuildLiteBehavior [ RunTime:0.000000s ]
INFO: [ app_init ] --END-- [ RunTime:0.001000s ]
INFO: [ app_begin ] --START--
INFO: Run Behavior\ReadHtmlCacheBehavior [ RunTime:0.001000s ]
INFO: [ app_begin ] --END-- [ RunTime:0.001000s ]
INFO: [ view_parse ] --START--
INFO: [ template_filter ] --START--
INFO: Run Behavior\ContentReplaceBehavior [ RunTime:0.000000s ]
INFO: [ template_filter ] --END-- [ RunTime:0.000000s ]
NOTIC: [8] Undefined variable: CONF F:\www\e\Apps\Runtime\Cache\Admin\a604f3bcfb81be38d96c99a44f95a6e8.php 第 11 行.

[ 2017-02-28T18:15:11+08:00 ] ::1 /e/index.php/Admin/Index/index.html
INFO: [ app_init ] --START--
INFO: Run Behavior\BuildLiteBehavior [ RunTime:0.000000s ]
INFO: [ app_init ] --END-- [ RunTime:0.001000s ]
INFO: [ app_begin ] --START--
INFO: Run Behavior\ReadHtmlCacheBehavior [ RunTime:0.001000s ]
INFO: [ app_begin ] --END-- [ RunTime:0.001000s ]
INFO: [ view_parse ] --START--
INFO: [ template_filter ] --START--
INFO: Run Behavior\ContentReplaceBehavior [ RunTime:0.000000s ]
INFO: [ template_filter ] --END-- [ RunTime:0.000000s ]
NOTIC: [8] Undefined variable: CONF F:\www\e\Apps\Runtime\Cache\Admin\a604f3bcfb81be38d96c99a44f95a6e8.php 第 11 行.

[ 2017-02-28T18:15:44+08:00 ] ::1 /e/index.php/Admin/Index/index.html
INFO: [ app_init ] --START--
INFO: Run Behavior\BuildLiteBehavior [ RunTime:0.000000s ]
INFO: [ app_init ] --END-- [ RunTime:0.001000s ]
INFO: [ app_begin ] --START--
INFO: Run Behavior\ReadHtmlCacheBehavior [ RunTime:0.001000s ]
INFO: [ app_begin ] --END-- [ RunTime:0.002000s ]
INFO: [ view_parse ] --START--
INFO: [ template_filter ] --START--
INFO: Run Behavior\ContentReplaceBehavior [ RunTime:0.000000s ]
INFO: [ template_filter ] --END-- [ RunTime:0.001000s ]
NOTIC: [8] Undefined variable: CONF F:\www\e\Apps\Runtime\Cache\Admin\a604f3bcfb81be38d96c99a44f95a6e8.php 第 11 行.

[ 2017-02-28T18:15:45+08:00 ] ::1 /e/index.php/Admin/Index/index.html
INFO: [ app_init ] --START--
INFO: Run Behavior\BuildLiteBehavior [ RunTime:0.000000s ]
INFO: [ app_init ] --END-- [ RunTime:0.002000s ]
INFO: [ app_begin ] --START--
INFO: Run Behavior\ReadHtmlCacheBehavior [ RunTime:0.001000s ]
INFO: [ app_begin ] --END-- [ RunTime:0.001000s ]
INFO: [ view_parse ] --START--
INFO: [ template_filter ] --START--
INFO: Run Behavior\ContentReplaceBehavior [ RunTime:0.000000s ]
INFO: [ template_filter ] --END-- [ RunTime:0.000000s ]
NOTIC: [8] Undefined variable: CONF F:\www\e\Apps\Runtime\Cache\Admin\a604f3bcfb81be38d96c99a44f95a6e8.php 第 11 行.

[ 2017-02-28T18:15:55+08:00 ] ::1 /e/index.php/Admin/Index/index.html
INFO: [ app_init ] --START--
INFO: Run Behavior\BuildLiteBehavior [ RunTime:0.001000s ]
INFO: [ app_init ] --END-- [ RunTime:0.001000s ]
INFO: [ app_begin ] --START--
INFO: Run Behavior\ReadHtmlCacheBehavior [ RunTime:0.001000s ]
INFO: [ app_begin ] --END-- [ RunTime:0.001000s ]
INFO: [ view_parse ] --START--
INFO: [ template_filter ] --START--
INFO: Run Behavior\ContentReplaceBehavior [ RunTime:0.000000s ]
INFO: [ template_filter ] --END-- [ RunTime:0.000000s ]
NOTIC: [8] Undefined variable: CONF F:\www\e\Apps\Runtime\Cache\Admin\a604f3bcfb81be38d96c99a44f95a6e8.php 第 11 行.
NOTIC: [8] Undefined index: staffNo F:\www\e\Apps\Runtime\Cache\Admin\a604f3bcfb81be38d96c99a44f95a6e8.php 第 115 行.
INFO: Run Behavior\ParseTemplateBehavior [ RunTime:0.029000s ]
INFO: [ view_parse ] --END-- [ RunTime:0.029000s ]
INFO: [ view_filter ] --START--
INFO: Run Behavior\WriteHtmlCacheBehavior [ RunTime:0.001000s ]
INFO: [ view_filter ] --END-- [ RunTime:0.001000s ]
INFO: [ app_end ] --START--
INFO: Run Behavior\ShowPageTraceBehavior [ RunTime:0.001000s ]
INFO: [ app_end ] --END-- [ RunTime:0.001000s ]

[ 2017-02-28T18:15:55+08:00 ] ::1 /e/index.php/Admin/Index/toMain.html
INFO: [ app_init ] --START--
INFO: Run Behavior\BuildLiteBehavior [ RunTime:0.000000s ]
INFO: [ app_init ] --END-- [ RunTime:0.000000s ]
INFO: [ app_begin ] --START--
INFO: Run Behavior\ReadHtmlCacheBehavior [ RunTime:0.000000s ]
INFO: [ app_begin ] --END-- [ RunTime:0.001000s ]
ERR: 1146:La table 'ecanal.ecanal_index' n'existe pas
 [ SQL语句 ] : SHOW COLUMNS FROM `ecanal_index`
ERR: 1146:La table 'ecanal.ecanal_index' n'existe pas
 [ SQL语句 ] : SHOW COLUMNS FROM `ecanal_index`

[ 2017-02-28T18:15:55+08:00 ] ::1 /e/index.php/Admin/Index/getTask.html
INFO: [ app_init ] --START--
INFO: Run Behavior\BuildLiteBehavior [ RunTime:0.000000s ]
INFO: [ app_init ] --END-- [ RunTime:0.000000s ]
INFO: [ app_begin ] --START--
INFO: Run Behavior\ReadHtmlCacheBehavior [ RunTime:0.001000s ]
INFO: [ app_begin ] --END-- [ RunTime:0.001000s ]
ERR: 非法操作:getTask

[ 2017-02-28T18:16:11+08:00 ] ::1 /e/index.php/Admin/Index/index.html
INFO: [ app_init ] --START--
INFO: Run Behavior\BuildLiteBehavior [ RunTime:0.000000s ]
INFO: [ app_init ] --END-- [ RunTime:0.002000s ]
INFO: [ app_begin ] --START--
INFO: Run Behavior\ReadHtmlCacheBehavior [ RunTime:0.001000s ]
INFO: [ app_begin ] --END-- [ RunTime:0.001000s ]
INFO: [ view_parse ] --START--
INFO: [ template_filter ] --START--
INFO: Run Behavior\ContentReplaceBehavior [ RunTime:0.001000s ]
INFO: [ template_filter ] --END-- [ RunTime:0.001000s ]
NOTIC: [8] Undefined variable: CONF F:\www\e\Apps\Runtime\Cache\Admin\a604f3bcfb81be38d96c99a44f95a6e8.php 第 11 行.
NOTIC: [8] Undefined index: staffNo F:\www\e\Apps\Runtime\Cache\Admin\a604f3bcfb81be38d96c99a44f95a6e8.php 第 115 行.
INFO: Run Behavior\ParseTemplateBehavior [ RunTime:0.021000s ]
INFO: [ view_parse ] --END-- [ RunTime:0.021000s ]
INFO: [ view_filter ] --START--
INFO: Run Behavior\WriteHtmlCacheBehavior [ RunTime:0.001000s ]
INFO: [ view_filter ] --END-- [ RunTime:0.001000s ]
INFO: [ app_end ] --START--
INFO: Run Behavior\ShowPageTraceBehavior [ RunTime:0.001000s ]
INFO: [ app_end ] --END-- [ RunTime:0.001000s ]

[ 2017-02-28T18:16:11+08:00 ] ::1 /e/index.php/Admin/Index/getTask.html
INFO: [ app_init ] --START--
INFO: Run Behavior\BuildLiteBehavior [ RunTime:0.000000s ]
INFO: [ app_init ] --END-- [ RunTime:0.001000s ]
INFO: [ app_begin ] --START--
INFO: Run Behavior\ReadHtmlCacheBehavior [ RunTime:0.000000s ]
INFO: [ app_begin ] --END-- [ RunTime:0.001000s ]
ERR: 非法操作:getTask

